
*** Running vivado
    with args -log WICSC_daq_xbar_0.vds -m64 -product Vivado -mode batch -messageDb vivado.pb -notrace -source WICSC_daq_xbar_0.tcl



****** Vivado v2020.1 (64-bit)
  **** SW Build 2902540 on Wed May 27 19:54:49 MDT 2020
  **** IP Build 2902112 on Wed May 27 22:43:36 MDT 2020
    ** Copyright 1986-2020 Xilinx, Inc. All Rights Reserved.

source WICSC_daq_xbar_0.tcl -notrace
create_project: Time (s): cpu = 00:00:03 ; elapsed = 00:00:11 . Memory (MB): peak = 1056.809 ; gain = 0.000
INFO: [IP_Flow 19-234] Refreshing IP repositories
INFO: [IP_Flow 19-1700] Loaded user IP repository 'c:/Users/Meklarn/Desktop/EXJOBB/JonasHansson_2021VT/Vivado/ad9249_daq_custom/CounterFreq'.
INFO: [IP_Flow 19-1700] Loaded user IP repository 'c:/Users/Meklarn/Desktop/EXJOBB/JonasHansson_2021VT/Vivado/quadrature _decoder'.
INFO: [IP_Flow 19-1700] Loaded user IP repository 'c:/Users/Meklarn/Desktop/EXJOBB/JonasHansson_2021VT/Vivado/ad9249_daq_custom/Data_select'.
INFO: [IP_Flow 19-1700] Loaded user IP repository 'c:/Users/Meklarn/Desktop/EXJOBB/JonasHansson_2021VT/Vivado/ad9249_daq_custom/DAQ_YG'.
INFO: [IP_Flow 19-1700] Loaded user IP repository 'c:/Users/Meklarn/Desktop/EXJOBB/JonasHansson_2021VT/Vivado/spi_master_WICSC'.
INFO: [IP_Flow 19-2313] Loaded Vivado IP repository 'X:/Xilink/Vivado/2020.1/data/ip'.
WARNING: [IP_Flow 19-1663] Duplicate IP found for 'kth.se:user:Counter_YW_top:1.0'. The one found in IP location 'c:/Users/Meklarn/Desktop/EXJOBB/JonasHansson_2021VT/Vivado/ad9249_daq_custom/CounterFreq/Counter_YW' will take precedence over the same IP in location c:/Users/Meklarn/Desktop/EXJOBB/JonasHansson_2021VT/Vivado/ad9249_daq_custom/CounterFreq/Counter_YW/Counter_YW.srcs
WARNING: [IP_Flow 19-4995] The host OS only allows 260 characters in a normal path. The IP cache path is more than 80 characters. If you experience issues with IP caching, please consider changing the IP cache to a location with a shorter path. Alternately consider using the OS subst command to map part of the path to a drive letter. 
Current IP cache path is c:/Users/Meklarn/Desktop/EXJOBB/JonasHansson_2021VT/Vivado/WICSC_daq/WICSC_daq.cache/ip 
Command: synth_design -top WICSC_daq_xbar_0 -part xc7z020clg484-1 -mode out_of_context
Starting synth_design
Attempting to get a license for feature 'Synthesis' and/or device 'xc7z020'
INFO: [Common 17-349] Got license for feature 'Synthesis' and/or device 'xc7z020'
INFO: [Device 21-403] Loading part xc7z020clg484-1
INFO: [Synth 8-7079] Multithreading enabled for synth_design using a maximum of 2 processes.
INFO: [Synth 8-7078] Launching helper process for spawning children vivado processes
INFO: [Synth 8-7075] Helper process launched with PID 20812
---------------------------------------------------------------------------------
Starting RTL Elaboration : Time (s): cpu = 00:00:10 ; elapsed = 00:00:31 . Memory (MB): peak = 1056.809 ; gain = 0.000
---------------------------------------------------------------------------------
INFO: [Synth 8-6157] synthesizing module 'WICSC_daq_xbar_0' [c:/Users/Meklarn/Desktop/EXJOBB/JonasHansson_2021VT/Vivado/WICSC_daq/WICSC_daq.srcs/sources_1/bd/WICSC_daq/ip/WICSC_daq_xbar_0/synth/WICSC_daq_xbar_0.v:60]
INFO: [Synth 8-6157] synthesizing module 'axi_crossbar_v2_1_22_axi_crossbar' [c:/Users/Meklarn/Desktop/EXJOBB/JonasHansson_2021VT/Vivado/WICSC_daq/WICSC_daq.srcs/sources_1/bd/WICSC_daq/ipshared/b68e/hdl/axi_crossbar_v2_1_vl_rfs.v:4884]
	Parameter C_FAMILY bound to: zynq - type: string 
	Parameter C_NUM_SLAVE_SLOTS bound to: 1 - type: integer 
	Parameter C_NUM_MASTER_SLOTS bound to: 13 - type: integer 
	Parameter C_AXI_ID_WIDTH bound to: 1 - type: integer 
	Parameter C_AXI_ADDR_WIDTH bound to: 32 - type: integer 
	Parameter C_AXI_DATA_WIDTH bound to: 32 - type: integer 
	Parameter C_AXI_PROTOCOL bound to: 2 - type: integer 
	Parameter C_NUM_ADDR_RANGES bound to: 1 - type: integer 
	Parameter C_M_AXI_BASE_ADDR bound to: 832'b0000000000000000000000000000000001000001001011000000000000000000000000000000000000000000000000000100000100101011000000000000000000000000000000000000000000000000010000010010101000000000000000000000000000000000000000000000000001000001001010010000000000000000000000000000000000000000000000000100000100101000000000000000000011111111111111111111111111111111111111111111111111111111111111111111111111111111111111111111111111111111111111111111111111111111111111111111111111111111111111111111111111111111111111111111111111111111111111111111111111111111111111111111111111111111111111111111111111111111111111111111111111111111111111111111111111111111111111111111111111111111111111111111111111111111111111111111111111111111111111111111111111111111111111111111111111111111111111111111111111111111111111111111111111111111111111111111111111111111 
	Parameter C_M_AXI_ADDR_WIDTH bound to: 416'b00000000000000000000000000010000000000000000000000000000000100000000000000000000000000000001000000000000000000000000000000010000000000000000000000000000000100000000000000000000000000000000000000000000000000000000000000000000000000000000000000000000000000000000000000000000000000000000000000000000000000000000000000000000000000000000000000000000000000000000000000000000000000000000000000000000000000000000000000000000 
	Parameter C_S_AXI_BASE_ID bound to: 0 - type: integer 
	Parameter C_S_AXI_THREAD_ID_WIDTH bound to: 0 - type: integer 
	Parameter C_AXI_SUPPORTS_USER_SIGNALS bound to: 0 - type: integer 
	Parameter C_AXI_AWUSER_WIDTH bound to: 1 - type: integer 
	Parameter C_AXI_ARUSER_WIDTH bound to: 1 - type: integer 
	Parameter C_AXI_WUSER_WIDTH bound to: 1 - type: integer 
	Parameter C_AXI_RUSER_WIDTH bound to: 1 - type: integer 
	Parameter C_AXI_BUSER_WIDTH bound to: 1 - type: integer 
	Parameter C_M_AXI_WRITE_CONNECTIVITY bound to: 416'b00000000000000000000000000000001000000000000000000000000000000010000000000000000000000000000000100000000000000000000000000000001000000000000000000000000000000010000000000000000000000000000000100000000000000000000000000000001000000000000000000000000000000010000000000000000000000000000000100000000000000000000000000000001000000000000000000000000000000010000000000000000000000000000000100000000000000000000000000000001 
	Parameter C_M_AXI_READ_CONNECTIVITY bound to: 416'b00000000000000000000000000000001000000000000000000000000000000010000000000000000000000000000000100000000000000000000000000000001000000000000000000000000000000010000000000000000000000000000000100000000000000000000000000000001000000000000000000000000000000010000000000000000000000000000000100000000000000000000000000000001000000000000000000000000000000010000000000000000000000000000000100000000000000000000000000000001 
	Parameter C_R_REGISTER bound to: 1 - type: integer 
	Parameter C_S_AXI_SINGLE_THREAD bound to: 1 - type: integer 
	Parameter C_S_AXI_WRITE_ACCEPTANCE bound to: 1 - type: integer 
	Parameter C_S_AXI_READ_ACCEPTANCE bound to: 1 - type: integer 
	Parameter C_M_AXI_WRITE_ISSUING bound to: 416'b00000000000000000000000000000001000000000000000000000000000000010000000000000000000000000000000100000000000000000000000000000001000000000000000000000000000000010000000000000000000000000000000100000000000000000000000000000001000000000000000000000000000000010000000000000000000000000000000100000000000000000000000000000001000000000000000000000000000000010000000000000000000000000000000100000000000000000000000000000001 
	Parameter C_M_AXI_READ_ISSUING bound to: 416'b00000000000000000000000000000001000000000000000000000000000000010000000000000000000000000000000100000000000000000000000000000001000000000000000000000000000000010000000000000000000000000000000100000000000000000000000000000001000000000000000000000000000000010000000000000000000000000000000100000000000000000000000000000001000000000000000000000000000000010000000000000000000000000000000100000000000000000000000000000001 
	Parameter C_S_AXI_ARB_PRIORITY bound to: 0 - type: integer 
	Parameter C_M_AXI_SECURE bound to: 416'b00000000000000000000000000000000000000000000000000000000000000000000000000000000000000000000000000000000000000000000000000000000000000000000000000000000000000000000000000000000000000000000000000000000000000000000000000000000000000000000000000000000000000000000000000000000000000000000000000000000000000000000000000000000000000000000000000000000000000000000000000000000000000000000000000000000000000000000000000000000 
	Parameter C_CONNECTIVITY_MODE bound to: 0 - type: integer 
	Parameter P_ONES bound to: 65'b11111111111111111111111111111111111111111111111111111111111111111 
	Parameter P_S_AXI_BASE_ID bound to: 64'b0000000000000000000000000000000000000000000000000000000000000000 
	Parameter P_S_AXI_HIGH_ID bound to: 64'b0000000000000000000000000000000000000000000000000000000000000000 
	Parameter P_AXI4 bound to: 0 - type: integer 
	Parameter P_AXI3 bound to: 1 - type: integer 
	Parameter P_AXILITE bound to: 2 - type: integer 
	Parameter P_AXILITE_SIZE bound to: 3'b010 
	Parameter P_INCR bound to: 2'b01 
	Parameter P_M_AXI_SUPPORTS_WRITE bound to: 13'b1111111111111 
	Parameter P_M_AXI_SUPPORTS_READ bound to: 13'b1111111111111 
	Parameter P_S_AXI_SUPPORTS_WRITE bound to: 1'b1 
	Parameter P_S_AXI_SUPPORTS_READ bound to: 1'b1 
	Parameter C_DEBUG bound to: 1 - type: integer 
	Parameter P_RANGE_CHECK bound to: 1 - type: integer 
	Parameter P_ADDR_DECODE bound to: 1 - type: integer 
	Parameter P_M_AXI_ERR_MODE bound to: 416'b00000000000000000000000000000000000000000000000000000000000000000000000000000000000000000000000000000000000000000000000000000000000000000000000000000000000000000000000000000000000000000000000000000000000000000000000000000000000000000000000000000000000000000000000000000000000000000000000000000000000000000000000000000000000000000000000000000000000000000000000000000000000000000000000000000000000000000000000000000000 
	Parameter P_LEN bound to: 8 - type: integer 
	Parameter P_LOCK bound to: 1 - type: integer 
	Parameter P_FAMILY bound to: zynq - type: string 
INFO: [Synth 8-6157] synthesizing module 'axi_crossbar_v2_1_22_crossbar_sasd' [c:/Users/Meklarn/Desktop/EXJOBB/JonasHansson_2021VT/Vivado/WICSC_daq/WICSC_daq.srcs/sources_1/bd/WICSC_daq/ipshared/b68e/hdl/axi_crossbar_v2_1_vl_rfs.v:1240]
	Parameter C_FAMILY bound to: zynq - type: string 
	Parameter C_NUM_SLAVE_SLOTS bound to: 1 - type: integer 
	Parameter C_NUM_MASTER_SLOTS bound to: 13 - type: integer 
	Parameter C_NUM_ADDR_RANGES bound to: 1 - type: integer 
	Parameter C_AXI_ID_WIDTH bound to: 1 - type: integer 
	Parameter C_AXI_ADDR_WIDTH bound to: 32 - type: integer 
	Parameter C_AXI_DATA_WIDTH bound to: 32 - type: integer 
	Parameter C_AXI_PROTOCOL bound to: 2 - type: integer 
	Parameter C_M_AXI_BASE_ADDR bound to: 832'b0000000000000000000000000000000001000001001011000000000000000000000000000000000000000000000000000100000100101011000000000000000000000000000000000000000000000000010000010010101000000000000000000000000000000000000000000000000001000001001010010000000000000000000000000000000000000000000000000100000100101000000000000000000011111111111111111111111111111111111111111111111111111111111111111111111111111111111111111111111111111111111111111111111111111111111111111111111111111111111111111111111111111111111111111111111111111111111111111111111111111111111111111111111111111111111111111111111111111111111111111111111111111111111111111111111111111111111111111111111111111111111111111111111111111111111111111111111111111111111111111111111111111111111111111111111111111111111111111111111111111111111111111111111111111111111111111111111111111111 
	Parameter C_M_AXI_HIGH_ADDR bound to: 832'b0000000000000000000000000000000001000001001011001111111111111111000000000000000000000000000000000100000100101011111111111111111100000000000000000000000000000000010000010010101011111111111111110000000000000000000000000000000001000001001010011111111111111111000000000000000000000000000000000100000100101000111111111111111100000000000000000000000000000000000000000000000000000000000000000000000000000000000000000000000000000000000000000000000000000000000000000000000000000000000000000000000000000000000000000000000000000000000000000000000000000000000000000000000000000000000000000000000000000000000000000000000000000000000000000000000000000000000000000000000000000000000000000000000000000000000000000000000000000000000000000000000000000000000000000000000000000000000000000000000000000000000000000000000000000000000000000000000000000000 
	Parameter C_S_AXI_BASE_ID bound to: 64'b0000000000000000000000000000000000000000000000000000000000000000 
	Parameter C_S_AXI_HIGH_ID bound to: 64'b0000000000000000000000000000000000000000000000000000000000000000 
	Parameter C_AXI_SUPPORTS_USER_SIGNALS bound to: 0 - type: integer 
	Parameter C_AXI_AWUSER_WIDTH bound to: 1 - type: integer 
	Parameter C_AXI_ARUSER_WIDTH bound to: 1 - type: integer 
	Parameter C_AXI_WUSER_WIDTH bound to: 1 - type: integer 
	Parameter C_AXI_RUSER_WIDTH bound to: 1 - type: integer 
	Parameter C_AXI_BUSER_WIDTH bound to: 1 - type: integer 
	Parameter C_S_AXI_SUPPORTS_WRITE bound to: 1'b1 
	Parameter C_S_AXI_SUPPORTS_READ bound to: 1'b1 
	Parameter C_M_AXI_SUPPORTS_WRITE bound to: 13'b1111111111111 
	Parameter C_M_AXI_SUPPORTS_READ bound to: 13'b1111111111111 
	Parameter C_S_AXI_ARB_PRIORITY bound to: 0 - type: integer 
	Parameter C_M_AXI_SECURE bound to: 416'b00000000000000000000000000000000000000000000000000000000000000000000000000000000000000000000000000000000000000000000000000000000000000000000000000000000000000000000000000000000000000000000000000000000000000000000000000000000000000000000000000000000000000000000000000000000000000000000000000000000000000000000000000000000000000000000000000000000000000000000000000000000000000000000000000000000000000000000000000000000 
	Parameter C_M_AXI_ERR_MODE bound to: 416'b00000000000000000000000000000000000000000000000000000000000000000000000000000000000000000000000000000000000000000000000000000000000000000000000000000000000000000000000000000000000000000000000000000000000000000000000000000000000000000000000000000000000000000000000000000000000000000000000000000000000000000000000000000000000000000000000000000000000000000000000000000000000000000000000000000000000000000000000000000000 
	Parameter C_R_REGISTER bound to: 1 - type: integer 
	Parameter C_RANGE_CHECK bound to: 1 - type: integer 
	Parameter C_ADDR_DECODE bound to: 1 - type: integer 
	Parameter C_DEBUG bound to: 1 - type: integer 
	Parameter P_AXI4 bound to: 0 - type: integer 
	Parameter P_AXI3 bound to: 1 - type: integer 
	Parameter P_AXILITE bound to: 2 - type: integer 
	Parameter P_NUM_MASTER_SLOTS_DE bound to: 14 - type: integer 
	Parameter P_NUM_MASTER_SLOTS_LOG bound to: 4 - type: integer 
	Parameter P_NUM_MASTER_SLOTS_DE_LOG bound to: 4 - type: integer 
	Parameter P_NUM_SLAVE_SLOTS_LOG bound to: 1 - type: integer 
	Parameter P_AXI_AUSER_WIDTH bound to: 1 - type: integer 
	Parameter P_AXI_WID_WIDTH bound to: 1 - type: integer 
	Parameter P_AMESG_WIDTH bound to: 64 - type: integer 
	Parameter P_BMESG_WIDTH bound to: 3 - type: integer 
	Parameter P_RMESG_WIDTH bound to: 36 - type: integer 
	Parameter P_WMESG_WIDTH bound to: 39 - type: integer 
	Parameter P_AXILITE_ERRMODE bound to: 1 - type: integer 
	Parameter P_NONSECURE_BIT bound to: 1 - type: integer 
	Parameter P_M_SECURE_MASK bound to: 13'b0000000000000 
	Parameter P_M_AXILITE_MASK bound to: 13'b0000000000000 
	Parameter P_FIXED bound to: 2'b00 
	Parameter P_BYPASS bound to: 0 - type: integer 
	Parameter P_LIGHTWT bound to: 7 - type: integer 
	Parameter P_FULLY_REG bound to: 1 - type: integer 
	Parameter P_R_REG_CONFIG bound to: 1 - type: integer 
	Parameter P_DECERR bound to: 2'b11 
INFO: [Synth 8-6157] synthesizing module 'axi_crossbar_v2_1_22_addr_decoder' [c:/Users/Meklarn/Desktop/EXJOBB/JonasHansson_2021VT/Vivado/WICSC_daq/WICSC_daq.srcs/sources_1/bd/WICSC_daq/ipshared/b68e/hdl/axi_crossbar_v2_1_vl_rfs.v:794]
	Parameter C_FAMILY bound to: zynq - type: string 
	Parameter C_NUM_TARGETS bound to: 13 - type: integer 
	Parameter C_NUM_TARGETS_LOG bound to: 4 - type: integer 
	Parameter C_NUM_RANGES bound to: 1 - type: integer 
	Parameter C_ADDR_WIDTH bound to: 32 - type: integer 
	Parameter C_TARGET_ENC bound to: 1 - type: integer 
	Parameter C_TARGET_HOT bound to: 1 - type: integer 
	Parameter C_REGION_ENC bound to: 1 - type: integer 
	Parameter C_BASE_ADDR bound to: 832'b0000000000000000000000000000000001000001001011000000000000000000000000000000000000000000000000000100000100101011000000000000000000000000000000000000000000000000010000010010101000000000000000000000000000000000000000000000000001000001001010010000000000000000000000000000000000000000000000000100000100101000000000000000000011111111111111111111111111111111111111111111111111111111111111111111111111111111111111111111111111111111111111111111111111111111111111111111111111111111111111111111111111111111111111111111111111111111111111111111111111111111111111111111111111111111111111111111111111111111111111111111111111111111111111111111111111111111111111111111111111111111111111111111111111111111111111111111111111111111111111111111111111111111111111111111111111111111111111111111111111111111111111111111111111111111111111111111111111111111 
	Parameter C_HIGH_ADDR bound to: 832'b0000000000000000000000000000000001000001001011001111111111111111000000000000000000000000000000000100000100101011111111111111111100000000000000000000000000000000010000010010101011111111111111110000000000000000000000000000000001000001001010011111111111111111000000000000000000000000000000000100000100101000111111111111111100000000000000000000000000000000000000000000000000000000000000000000000000000000000000000000000000000000000000000000000000000000000000000000000000000000000000000000000000000000000000000000000000000000000000000000000000000000000000000000000000000000000000000000000000000000000000000000000000000000000000000000000000000000000000000000000000000000000000000000000000000000000000000000000000000000000000000000000000000000000000000000000000000000000000000000000000000000000000000000000000000000000000000000000000000000 
	Parameter C_TARGET_QUAL bound to: 14'b01111111111111 
	Parameter C_RESOLUTION bound to: 2 - type: integer 
	Parameter C_COMPARATOR_THRESHOLD bound to: 6 - type: integer 
INFO: [Synth 8-6157] synthesizing module 'generic_baseblocks_v2_1_0_comparator_static' [c:/Users/Meklarn/Desktop/EXJOBB/JonasHansson_2021VT/Vivado/WICSC_daq/WICSC_daq.srcs/sources_1/bd/WICSC_daq/ipshared/b752/hdl/generic_baseblocks_v2_1_vl_rfs.v:2133]
	Parameter C_FAMILY bound to: rtl - type: string 
	Parameter C_VALUE bound to: 30'b010000010010100000000000000000 
	Parameter C_DATA_WIDTH bound to: 30 - type: integer 
	Parameter C_BITS_PER_LUT bound to: 6 - type: integer 
	Parameter C_NUM_LUT bound to: 5 - type: integer 
	Parameter C_FIX_DATA_WIDTH bound to: 30 - type: integer 
INFO: [Synth 8-6157] synthesizing module 'generic_baseblocks_v2_1_0_carry_and' [c:/Users/Meklarn/Desktop/EXJOBB/JonasHansson_2021VT/Vivado/WICSC_daq/WICSC_daq.srcs/sources_1/bd/WICSC_daq/ipshared/b752/hdl/generic_baseblocks_v2_1_vl_rfs.v:62]
	Parameter C_FAMILY bound to: rtl - type: string 
INFO: [Synth 8-6155] done synthesizing module 'generic_baseblocks_v2_1_0_carry_and' (1#1) [c:/Users/Meklarn/Desktop/EXJOBB/JonasHansson_2021VT/Vivado/WICSC_daq/WICSC_daq.srcs/sources_1/bd/WICSC_daq/ipshared/b752/hdl/generic_baseblocks_v2_1_vl_rfs.v:62]
INFO: [Synth 8-6155] done synthesizing module 'generic_baseblocks_v2_1_0_comparator_static' (2#1) [c:/Users/Meklarn/Desktop/EXJOBB/JonasHansson_2021VT/Vivado/WICSC_daq/WICSC_daq.srcs/sources_1/bd/WICSC_daq/ipshared/b752/hdl/generic_baseblocks_v2_1_vl_rfs.v:2133]
INFO: [Synth 8-6157] synthesizing module 'generic_baseblocks_v2_1_0_comparator_static__parameterized0' [c:/Users/Meklarn/Desktop/EXJOBB/JonasHansson_2021VT/Vivado/WICSC_daq/WICSC_daq.srcs/sources_1/bd/WICSC_daq/ipshared/b752/hdl/generic_baseblocks_v2_1_vl_rfs.v:2133]
	Parameter C_FAMILY bound to: rtl - type: string 
	Parameter C_VALUE bound to: 30'b010000010010100100000000000000 
	Parameter C_DATA_WIDTH bound to: 30 - type: integer 
	Parameter C_BITS_PER_LUT bound to: 6 - type: integer 
	Parameter C_NUM_LUT bound to: 5 - type: integer 
	Parameter C_FIX_DATA_WIDTH bound to: 30 - type: integer 
INFO: [Synth 8-6155] done synthesizing module 'generic_baseblocks_v2_1_0_comparator_static__parameterized0' (2#1) [c:/Users/Meklarn/Desktop/EXJOBB/JonasHansson_2021VT/Vivado/WICSC_daq/WICSC_daq.srcs/sources_1/bd/WICSC_daq/ipshared/b752/hdl/generic_baseblocks_v2_1_vl_rfs.v:2133]
INFO: [Synth 8-6157] synthesizing module 'generic_baseblocks_v2_1_0_comparator_static__parameterized1' [c:/Users/Meklarn/Desktop/EXJOBB/JonasHansson_2021VT/Vivado/WICSC_daq/WICSC_daq.srcs/sources_1/bd/WICSC_daq/ipshared/b752/hdl/generic_baseblocks_v2_1_vl_rfs.v:2133]
	Parameter C_FAMILY bound to: rtl - type: string 
	Parameter C_VALUE bound to: 30'b010000010010101000000000000000 
	Parameter C_DATA_WIDTH bound to: 30 - type: integer 
	Parameter C_BITS_PER_LUT bound to: 6 - type: integer 
	Parameter C_NUM_LUT bound to: 5 - type: integer 
	Parameter C_FIX_DATA_WIDTH bound to: 30 - type: integer 
INFO: [Synth 8-6155] done synthesizing module 'generic_baseblocks_v2_1_0_comparator_static__parameterized1' (2#1) [c:/Users/Meklarn/Desktop/EXJOBB/JonasHansson_2021VT/Vivado/WICSC_daq/WICSC_daq.srcs/sources_1/bd/WICSC_daq/ipshared/b752/hdl/generic_baseblocks_v2_1_vl_rfs.v:2133]
INFO: [Synth 8-6157] synthesizing module 'generic_baseblocks_v2_1_0_comparator_static__parameterized2' [c:/Users/Meklarn/Desktop/EXJOBB/JonasHansson_2021VT/Vivado/WICSC_daq/WICSC_daq.srcs/sources_1/bd/WICSC_daq/ipshared/b752/hdl/generic_baseblocks_v2_1_vl_rfs.v:2133]
	Parameter C_FAMILY bound to: rtl - type: string 
	Parameter C_VALUE bound to: 30'b010000010010101100000000000000 
	Parameter C_DATA_WIDTH bound to: 30 - type: integer 
	Parameter C_BITS_PER_LUT bound to: 6 - type: integer 
	Parameter C_NUM_LUT bound to: 5 - type: integer 
	Parameter C_FIX_DATA_WIDTH bound to: 30 - type: integer 
INFO: [Synth 8-6155] done synthesizing module 'generic_baseblocks_v2_1_0_comparator_static__parameterized2' (2#1) [c:/Users/Meklarn/Desktop/EXJOBB/JonasHansson_2021VT/Vivado/WICSC_daq/WICSC_daq.srcs/sources_1/bd/WICSC_daq/ipshared/b752/hdl/generic_baseblocks_v2_1_vl_rfs.v:2133]
INFO: [Synth 8-6157] synthesizing module 'generic_baseblocks_v2_1_0_comparator_static__parameterized3' [c:/Users/Meklarn/Desktop/EXJOBB/JonasHansson_2021VT/Vivado/WICSC_daq/WICSC_daq.srcs/sources_1/bd/WICSC_daq/ipshared/b752/hdl/generic_baseblocks_v2_1_vl_rfs.v:2133]
	Parameter C_FAMILY bound to: rtl - type: string 
	Parameter C_VALUE bound to: 30'b010000010010110000000000000000 
	Parameter C_DATA_WIDTH bound to: 30 - type: integer 
	Parameter C_BITS_PER_LUT bound to: 6 - type: integer 
	Parameter C_NUM_LUT bound to: 5 - type: integer 
	Parameter C_FIX_DATA_WIDTH bound to: 30 - type: integer 
INFO: [Synth 8-6155] done synthesizing module 'generic_baseblocks_v2_1_0_comparator_static__parameterized3' (2#1) [c:/Users/Meklarn/Desktop/EXJOBB/JonasHansson_2021VT/Vivado/WICSC_daq/WICSC_daq.srcs/sources_1/bd/WICSC_daq/ipshared/b752/hdl/generic_baseblocks_v2_1_vl_rfs.v:2133]
INFO: [Synth 8-6155] done synthesizing module 'axi_crossbar_v2_1_22_addr_decoder' (3#1) [c:/Users/Meklarn/Desktop/EXJOBB/JonasHansson_2021VT/Vivado/WICSC_daq/WICSC_daq.srcs/sources_1/bd/WICSC_daq/ipshared/b68e/hdl/axi_crossbar_v2_1_vl_rfs.v:794]
INFO: [Synth 8-6157] synthesizing module 'axi_crossbar_v2_1_22_decerr_slave' [c:/Users/Meklarn/Desktop/EXJOBB/JonasHansson_2021VT/Vivado/WICSC_daq/WICSC_daq.srcs/sources_1/bd/WICSC_daq/ipshared/b68e/hdl/axi_crossbar_v2_1_vl_rfs.v:3501]
	Parameter C_AXI_ID_WIDTH bound to: 1 - type: integer 
	Parameter C_AXI_DATA_WIDTH bound to: 32 - type: integer 
	Parameter C_AXI_BUSER_WIDTH bound to: 1 - type: integer 
	Parameter C_AXI_RUSER_WIDTH bound to: 1 - type: integer 
	Parameter C_AXI_PROTOCOL bound to: 2 - type: integer 
	Parameter C_RESP bound to: 3 - type: integer 
	Parameter P_WRITE_IDLE bound to: 2'b00 
	Parameter P_WRITE_DATA bound to: 2'b01 
	Parameter P_WRITE_RESP bound to: 2'b10 
	Parameter P_READ_IDLE bound to: 1'b0 
	Parameter P_READ_DATA bound to: 1'b1 
	Parameter P_AXI4 bound to: 0 - type: integer 
	Parameter P_AXI3 bound to: 1 - type: integer 
	Parameter P_AXILITE bound to: 2 - type: integer 
INFO: [Synth 8-6155] done synthesizing module 'axi_crossbar_v2_1_22_decerr_slave' (4#1) [c:/Users/Meklarn/Desktop/EXJOBB/JonasHansson_2021VT/Vivado/WICSC_daq/WICSC_daq.srcs/sources_1/bd/WICSC_daq/ipshared/b68e/hdl/axi_crossbar_v2_1_vl_rfs.v:3501]
INFO: [Synth 8-6157] synthesizing module 'axi_crossbar_v2_1_22_addr_arbiter_sasd' [c:/Users/Meklarn/Desktop/EXJOBB/JonasHansson_2021VT/Vivado/WICSC_daq/WICSC_daq.srcs/sources_1/bd/WICSC_daq/ipshared/b68e/hdl/axi_crossbar_v2_1_vl_rfs.v:65]
	Parameter C_FAMILY bound to: zynq - type: string 
	Parameter C_NUM_S bound to: 1 - type: integer 
	Parameter C_NUM_S_LOG bound to: 1 - type: integer 
	Parameter C_AMESG_WIDTH bound to: 64 - type: integer 
	Parameter C_GRANT_ENC bound to: 1 - type: integer 
	Parameter C_ARB_PRIORITY bound to: 0 - type: integer 
	Parameter P_PRIO_MASK bound to: 1'b0 
INFO: [Synth 8-6155] done synthesizing module 'axi_crossbar_v2_1_22_addr_arbiter_sasd' (5#1) [c:/Users/Meklarn/Desktop/EXJOBB/JonasHansson_2021VT/Vivado/WICSC_daq/WICSC_daq.srcs/sources_1/bd/WICSC_daq/ipshared/b68e/hdl/axi_crossbar_v2_1_vl_rfs.v:65]
INFO: [Synth 8-6157] synthesizing module 'axi_crossbar_v2_1_22_splitter' [c:/Users/Meklarn/Desktop/EXJOBB/JonasHansson_2021VT/Vivado/WICSC_daq/WICSC_daq.srcs/sources_1/bd/WICSC_daq/ipshared/b68e/hdl/axi_crossbar_v2_1_vl_rfs.v:4461]
	Parameter C_NUM_M bound to: 3 - type: integer 
INFO: [Synth 8-6155] done synthesizing module 'axi_crossbar_v2_1_22_splitter' (6#1) [c:/Users/Meklarn/Desktop/EXJOBB/JonasHansson_2021VT/Vivado/WICSC_daq/WICSC_daq.srcs/sources_1/bd/WICSC_daq/ipshared/b68e/hdl/axi_crossbar_v2_1_vl_rfs.v:4461]
INFO: [Synth 8-6157] synthesizing module 'axi_crossbar_v2_1_22_splitter__parameterized0' [c:/Users/Meklarn/Desktop/EXJOBB/JonasHansson_2021VT/Vivado/WICSC_daq/WICSC_daq.srcs/sources_1/bd/WICSC_daq/ipshared/b68e/hdl/axi_crossbar_v2_1_vl_rfs.v:4461]
	Parameter C_NUM_M bound to: 2 - type: integer 
INFO: [Synth 8-6155] done synthesizing module 'axi_crossbar_v2_1_22_splitter__parameterized0' (6#1) [c:/Users/Meklarn/Desktop/EXJOBB/JonasHansson_2021VT/Vivado/WICSC_daq/WICSC_daq.srcs/sources_1/bd/WICSC_daq/ipshared/b68e/hdl/axi_crossbar_v2_1_vl_rfs.v:4461]
INFO: [Synth 8-6157] synthesizing module 'generic_baseblocks_v2_1_0_mux_enc' [c:/Users/Meklarn/Desktop/EXJOBB/JonasHansson_2021VT/Vivado/WICSC_daq/WICSC_daq.srcs/sources_1/bd/WICSC_daq/ipshared/b752/hdl/generic_baseblocks_v2_1_vl_rfs.v:2452]
	Parameter C_FAMILY bound to: rtl - type: string 
	Parameter C_RATIO bound to: 14 - type: integer 
	Parameter C_SEL_WIDTH bound to: 4 - type: integer 
	Parameter C_DATA_WIDTH bound to: 1 - type: integer 
INFO: [Synth 8-6155] done synthesizing module 'generic_baseblocks_v2_1_0_mux_enc' (7#1) [c:/Users/Meklarn/Desktop/EXJOBB/JonasHansson_2021VT/Vivado/WICSC_daq/WICSC_daq.srcs/sources_1/bd/WICSC_daq/ipshared/b752/hdl/generic_baseblocks_v2_1_vl_rfs.v:2452]
INFO: [Synth 8-6157] synthesizing module 'generic_baseblocks_v2_1_0_mux_enc__parameterized0' [c:/Users/Meklarn/Desktop/EXJOBB/JonasHansson_2021VT/Vivado/WICSC_daq/WICSC_daq.srcs/sources_1/bd/WICSC_daq/ipshared/b752/hdl/generic_baseblocks_v2_1_vl_rfs.v:2452]
	Parameter C_FAMILY bound to: rtl - type: string 
	Parameter C_RATIO bound to: 1 - type: integer 
	Parameter C_SEL_WIDTH bound to: 1 - type: integer 
	Parameter C_DATA_WIDTH bound to: 1 - type: integer 
INFO: [Synth 8-6155] done synthesizing module 'generic_baseblocks_v2_1_0_mux_enc__parameterized0' (7#1) [c:/Users/Meklarn/Desktop/EXJOBB/JonasHansson_2021VT/Vivado/WICSC_daq/WICSC_daq.srcs/sources_1/bd/WICSC_daq/ipshared/b752/hdl/generic_baseblocks_v2_1_vl_rfs.v:2452]
INFO: [Synth 8-6157] synthesizing module 'generic_baseblocks_v2_1_0_mux_enc__parameterized1' [c:/Users/Meklarn/Desktop/EXJOBB/JonasHansson_2021VT/Vivado/WICSC_daq/WICSC_daq.srcs/sources_1/bd/WICSC_daq/ipshared/b752/hdl/generic_baseblocks_v2_1_vl_rfs.v:2452]
	Parameter C_FAMILY bound to: rtl - type: string 
	Parameter C_RATIO bound to: 14 - type: integer 
	Parameter C_SEL_WIDTH bound to: 4 - type: integer 
	Parameter C_DATA_WIDTH bound to: 36 - type: integer 
INFO: [Synth 8-6155] done synthesizing module 'generic_baseblocks_v2_1_0_mux_enc__parameterized1' (7#1) [c:/Users/Meklarn/Desktop/EXJOBB/JonasHansson_2021VT/Vivado/WICSC_daq/WICSC_daq.srcs/sources_1/bd/WICSC_daq/ipshared/b752/hdl/generic_baseblocks_v2_1_vl_rfs.v:2452]
INFO: [Synth 8-6157] synthesizing module 'axi_register_slice_v2_1_21_axic_register_slice' [c:/Users/Meklarn/Desktop/EXJOBB/JonasHansson_2021VT/Vivado/WICSC_daq/WICSC_daq.srcs/sources_1/bd/WICSC_daq/ipshared/2ef9/hdl/axi_register_slice_v2_1_vl_rfs.v:1498]
	Parameter C_FAMILY bound to: zynq - type: string 
	Parameter C_DATA_WIDTH bound to: 36 - type: integer 
	Parameter C_REG_CONFIG bound to: 1 - type: integer 
INFO: [Synth 8-6155] done synthesizing module 'axi_register_slice_v2_1_21_axic_register_slice' (8#1) [c:/Users/Meklarn/Desktop/EXJOBB/JonasHansson_2021VT/Vivado/WICSC_daq/WICSC_daq.srcs/sources_1/bd/WICSC_daq/ipshared/2ef9/hdl/axi_register_slice_v2_1_vl_rfs.v:1498]
INFO: [Synth 8-6157] synthesizing module 'generic_baseblocks_v2_1_0_mux_enc__parameterized2' [c:/Users/Meklarn/Desktop/EXJOBB/JonasHansson_2021VT/Vivado/WICSC_daq/WICSC_daq.srcs/sources_1/bd/WICSC_daq/ipshared/b752/hdl/generic_baseblocks_v2_1_vl_rfs.v:2452]
	Parameter C_FAMILY bound to: rtl - type: string 
	Parameter C_RATIO bound to: 14 - type: integer 
	Parameter C_SEL_WIDTH bound to: 4 - type: integer 
	Parameter C_DATA_WIDTH bound to: 3 - type: integer 
INFO: [Synth 8-6155] done synthesizing module 'generic_baseblocks_v2_1_0_mux_enc__parameterized2' (8#1) [c:/Users/Meklarn/Desktop/EXJOBB/JonasHansson_2021VT/Vivado/WICSC_daq/WICSC_daq.srcs/sources_1/bd/WICSC_daq/ipshared/b752/hdl/generic_baseblocks_v2_1_vl_rfs.v:2452]
INFO: [Synth 8-6155] done synthesizing module 'axi_crossbar_v2_1_22_crossbar_sasd' (9#1) [c:/Users/Meklarn/Desktop/EXJOBB/JonasHansson_2021VT/Vivado/WICSC_daq/WICSC_daq.srcs/sources_1/bd/WICSC_daq/ipshared/b68e/hdl/axi_crossbar_v2_1_vl_rfs.v:1240]
INFO: [Synth 8-6155] done synthesizing module 'axi_crossbar_v2_1_22_axi_crossbar' (10#1) [c:/Users/Meklarn/Desktop/EXJOBB/JonasHansson_2021VT/Vivado/WICSC_daq/WICSC_daq.srcs/sources_1/bd/WICSC_daq/ipshared/b68e/hdl/axi_crossbar_v2_1_vl_rfs.v:4884]
INFO: [Synth 8-6155] done synthesizing module 'WICSC_daq_xbar_0' (11#1) [c:/Users/Meklarn/Desktop/EXJOBB/JonasHansson_2021VT/Vivado/WICSC_daq/WICSC_daq.srcs/sources_1/bd/WICSC_daq/ip/WICSC_daq_xbar_0/synth/WICSC_daq_xbar_0.v:60]
---------------------------------------------------------------------------------
Finished RTL Elaboration : Time (s): cpu = 00:00:16 ; elapsed = 00:00:40 . Memory (MB): peak = 1186.863 ; gain = 130.055
---------------------------------------------------------------------------------
---------------------------------------------------------------------------------
Start Handling Custom Attributes
---------------------------------------------------------------------------------
---------------------------------------------------------------------------------
Finished Handling Custom Attributes : Time (s): cpu = 00:00:17 ; elapsed = 00:00:41 . Memory (MB): peak = 1186.863 ; gain = 130.055
---------------------------------------------------------------------------------
---------------------------------------------------------------------------------
Finished RTL Optimization Phase 1 : Time (s): cpu = 00:00:17 ; elapsed = 00:00:41 . Memory (MB): peak = 1186.863 ; gain = 130.055
---------------------------------------------------------------------------------
Netlist sorting complete. Time (s): cpu = 00:00:00 ; elapsed = 00:00:00.049 . Memory (MB): peak = 1186.863 ; gain = 0.000
INFO: [Project 1-570] Preparing netlist for logic optimization

Processing XDC Constraints
Initializing timing engine
Parsing XDC File [c:/Users/Meklarn/Desktop/EXJOBB/JonasHansson_2021VT/Vivado/WICSC_daq/WICSC_daq.srcs/sources_1/bd/WICSC_daq/ip/WICSC_daq_xbar_0/WICSC_daq_xbar_0_ooc.xdc] for cell 'inst'
Finished Parsing XDC File [c:/Users/Meklarn/Desktop/EXJOBB/JonasHansson_2021VT/Vivado/WICSC_daq/WICSC_daq.srcs/sources_1/bd/WICSC_daq/ip/WICSC_daq_xbar_0/WICSC_daq_xbar_0_ooc.xdc] for cell 'inst'
Parsing XDC File [C:/Users/Meklarn/Desktop/EXJOBB/JonasHansson_2021VT/Vivado/WICSC_daq/WICSC_daq.runs/WICSC_daq_xbar_0_synth_1/dont_touch.xdc]
Finished Parsing XDC File [C:/Users/Meklarn/Desktop/EXJOBB/JonasHansson_2021VT/Vivado/WICSC_daq/WICSC_daq.runs/WICSC_daq_xbar_0_synth_1/dont_touch.xdc]
Completed Processing XDC Constraints

Netlist sorting complete. Time (s): cpu = 00:00:00 ; elapsed = 00:00:00 . Memory (MB): peak = 1201.051 ; gain = 0.000
INFO: [Project 1-111] Unisim Transformation Summary:
No Unisim elements were transformed.

Constraint Validation Runtime : Time (s): cpu = 00:00:00 ; elapsed = 00:00:00.379 . Memory (MB): peak = 1211.949 ; gain = 10.898
---------------------------------------------------------------------------------
Finished Constraint Validation : Time (s): cpu = 00:00:28 ; elapsed = 00:02:07 . Memory (MB): peak = 1211.949 ; gain = 155.141
---------------------------------------------------------------------------------
---------------------------------------------------------------------------------
Start Loading Part and Timing Information
---------------------------------------------------------------------------------
Loading part: xc7z020clg484-1
---------------------------------------------------------------------------------
Finished Loading Part and Timing Information : Time (s): cpu = 00:00:28 ; elapsed = 00:02:08 . Memory (MB): peak = 1211.949 ; gain = 155.141
---------------------------------------------------------------------------------
---------------------------------------------------------------------------------
Start Applying 'set_property' XDC Constraints
---------------------------------------------------------------------------------
Applied set_property DONT_TOUCH = true for inst. (constraint file  C:/Users/Meklarn/Desktop/EXJOBB/JonasHansson_2021VT/Vivado/WICSC_daq/WICSC_daq.runs/WICSC_daq_xbar_0_synth_1/dont_touch.xdc, line 9).
---------------------------------------------------------------------------------
Finished applying 'set_property' XDC Constraints : Time (s): cpu = 00:00:28 ; elapsed = 00:02:09 . Memory (MB): peak = 1211.949 ; gain = 155.141
---------------------------------------------------------------------------------
---------------------------------------------------------------------------------
Finished RTL Optimization Phase 2 : Time (s): cpu = 00:00:29 ; elapsed = 00:02:16 . Memory (MB): peak = 1211.949 ; gain = 155.141
---------------------------------------------------------------------------------
---------------------------------------------------------------------------------
Start RTL Component Statistics 
---------------------------------------------------------------------------------
Detailed RTL Component Info : 
+---Registers : 
	               64 Bit    Registers := 1     
	               36 Bit    Registers := 2     
	               14 Bit    Registers := 1     
	                4 Bit    Registers := 1     
	                3 Bit    Registers := 1     
	                2 Bit    Registers := 2     
	                1 Bit    Registers := 14    
+---Muxes : 
	   2 Input   64 Bit        Muxes := 1     
	   2 Input   36 Bit        Muxes := 2     
	   2 Input   14 Bit        Muxes := 1     
	   2 Input   13 Bit        Muxes := 1     
	   2 Input    4 Bit        Muxes := 2     
	   2 Input    1 Bit        Muxes := 106   
---------------------------------------------------------------------------------
Finished RTL Component Statistics 
---------------------------------------------------------------------------------
---------------------------------------------------------------------------------
Start Part Resource Summary
---------------------------------------------------------------------------------
Part Resources:
DSPs: 220 (col length:60)
BRAMs: 280 (col length: RAMB18 60 RAMB36 30)
---------------------------------------------------------------------------------
Finished Part Resource Summary
---------------------------------------------------------------------------------
---------------------------------------------------------------------------------
Start Cross Boundary and Area Optimization
---------------------------------------------------------------------------------
---------------------------------------------------------------------------------
Finished Cross Boundary and Area Optimization : Time (s): cpu = 00:00:33 ; elapsed = 00:02:23 . Memory (MB): peak = 1211.949 ; gain = 155.141
---------------------------------------------------------------------------------
---------------------------------------------------------------------------------
Start Applying XDC Timing Constraints
---------------------------------------------------------------------------------
---------------------------------------------------------------------------------
Finished Applying XDC Timing Constraints : Time (s): cpu = 00:00:45 ; elapsed = 00:02:38 . Memory (MB): peak = 1211.949 ; gain = 155.141
---------------------------------------------------------------------------------
---------------------------------------------------------------------------------
Start Timing Optimization
---------------------------------------------------------------------------------
---------------------------------------------------------------------------------
Finished Timing Optimization : Time (s): cpu = 00:00:47 ; elapsed = 00:02:41 . Memory (MB): peak = 1238.074 ; gain = 181.266
---------------------------------------------------------------------------------
---------------------------------------------------------------------------------
Start Technology Mapping
---------------------------------------------------------------------------------
---------------------------------------------------------------------------------
Finished Technology Mapping : Time (s): cpu = 00:00:48 ; elapsed = 00:02:41 . Memory (MB): peak = 1241.426 ; gain = 184.617
---------------------------------------------------------------------------------
---------------------------------------------------------------------------------
Start IO Insertion
---------------------------------------------------------------------------------
---------------------------------------------------------------------------------
Start Flattening Before IO Insertion
---------------------------------------------------------------------------------
---------------------------------------------------------------------------------
Finished Flattening Before IO Insertion
---------------------------------------------------------------------------------
---------------------------------------------------------------------------------
Start Final Netlist Cleanup
---------------------------------------------------------------------------------
---------------------------------------------------------------------------------
Finished Final Netlist Cleanup
---------------------------------------------------------------------------------
---------------------------------------------------------------------------------
Finished IO Insertion : Time (s): cpu = 00:00:55 ; elapsed = 00:02:49 . Memory (MB): peak = 1241.426 ; gain = 184.617
---------------------------------------------------------------------------------
---------------------------------------------------------------------------------
Start Renaming Generated Instances
---------------------------------------------------------------------------------
---------------------------------------------------------------------------------
Finished Renaming Generated Instances : Time (s): cpu = 00:00:55 ; elapsed = 00:02:49 . Memory (MB): peak = 1241.426 ; gain = 184.617
---------------------------------------------------------------------------------
---------------------------------------------------------------------------------
Start Rebuilding User Hierarchy
---------------------------------------------------------------------------------
---------------------------------------------------------------------------------
Finished Rebuilding User Hierarchy : Time (s): cpu = 00:00:55 ; elapsed = 00:02:49 . Memory (MB): peak = 1241.426 ; gain = 184.617
---------------------------------------------------------------------------------
---------------------------------------------------------------------------------
Start Renaming Generated Ports
---------------------------------------------------------------------------------
---------------------------------------------------------------------------------
Finished Renaming Generated Ports : Time (s): cpu = 00:00:55 ; elapsed = 00:02:49 . Memory (MB): peak = 1241.426 ; gain = 184.617
---------------------------------------------------------------------------------
---------------------------------------------------------------------------------
Start Handling Custom Attributes
---------------------------------------------------------------------------------
---------------------------------------------------------------------------------
Finished Handling Custom Attributes : Time (s): cpu = 00:00:55 ; elapsed = 00:02:49 . Memory (MB): peak = 1241.426 ; gain = 184.617
---------------------------------------------------------------------------------
---------------------------------------------------------------------------------
Start Renaming Generated Nets
---------------------------------------------------------------------------------
---------------------------------------------------------------------------------
Finished Renaming Generated Nets : Time (s): cpu = 00:00:55 ; elapsed = 00:02:49 . Memory (MB): peak = 1241.426 ; gain = 184.617
---------------------------------------------------------------------------------
---------------------------------------------------------------------------------
Start Writing Synthesis Report
---------------------------------------------------------------------------------

Report BlackBoxes: 
+-+--------------+----------+
| |BlackBox name |Instances |
+-+--------------+----------+
+-+--------------+----------+

Report Cell Usage: 
+------+-----+------+
|      |Cell |Count |
+------+-----+------+
|1     |LUT1 |     1|
|2     |LUT2 |    11|
|3     |LUT3 |    42|
|4     |LUT4 |    65|
|5     |LUT5 |    58|
|6     |LUT6 |   277|
|7     |FDRE |   139|
+------+-----+------+
---------------------------------------------------------------------------------
Finished Writing Synthesis Report : Time (s): cpu = 00:00:55 ; elapsed = 00:02:49 . Memory (MB): peak = 1241.426 ; gain = 184.617
---------------------------------------------------------------------------------
Synthesis finished with 0 errors, 0 critical warnings and 0 warnings.
Synthesis Optimization Runtime : Time (s): cpu = 00:00:34 ; elapsed = 00:02:22 . Memory (MB): peak = 1241.426 ; gain = 159.531
Synthesis Optimization Complete : Time (s): cpu = 00:00:55 ; elapsed = 00:02:49 . Memory (MB): peak = 1241.426 ; gain = 184.617
INFO: [Project 1-571] Translating synthesized netlist
Netlist sorting complete. Time (s): cpu = 00:00:00 ; elapsed = 00:00:00.057 . Memory (MB): peak = 1241.426 ; gain = 0.000
INFO: [Project 1-570] Preparing netlist for logic optimization
INFO: [Opt 31-138] Pushed 0 inverter(s) to 0 load pin(s).
Netlist sorting complete. Time (s): cpu = 00:00:00 ; elapsed = 00:00:00 . Memory (MB): peak = 1241.426 ; gain = 0.000
INFO: [Project 1-111] Unisim Transformation Summary:
No Unisim elements were transformed.

INFO: [Common 17-83] Releasing license: Synthesis
57 Infos, 2 Warnings, 0 Critical Warnings and 0 Errors encountered.
synth_design completed successfully
synth_design: Time (s): cpu = 00:01:06 ; elapsed = 00:03:11 . Memory (MB): peak = 1241.426 ; gain = 184.617
INFO: [Common 17-1381] The checkpoint 'C:/Users/Meklarn/Desktop/EXJOBB/JonasHansson_2021VT/Vivado/WICSC_daq/WICSC_daq.runs/WICSC_daq_xbar_0_synth_1/WICSC_daq_xbar_0.dcp' has been generated.
WARNING: [Common 17-576] 'use_project_ipc' is deprecated. This option is deprecated and no longer used.
INFO: [Coretcl 2-1648] Added synthesis output to IP cache for IP WICSC_daq_xbar_0, cache-ID = 17a5183a382b00de
INFO: [Coretcl 2-1174] Renamed 7 cell refs.
INFO: [Common 17-1381] The checkpoint 'C:/Users/Meklarn/Desktop/EXJOBB/JonasHansson_2021VT/Vivado/WICSC_daq/WICSC_daq.runs/WICSC_daq_xbar_0_synth_1/WICSC_daq_xbar_0.dcp' has been generated.
INFO: [runtcl-4] Executing : report_utilization -file WICSC_daq_xbar_0_utilization_synth.rpt -pb WICSC_daq_xbar_0_utilization_synth.pb
INFO: [Common 17-206] Exiting Vivado at Mon Mar  1 14:36:37 2021...
