RECORD=-42|LINENO=   0|OWNERPARTID= -42|OWNERINDEX= -42|HEADER=Protel for Windows - Schematic Capture Binary File Version 5.0|MINORVERSION=2|UNIQUEID=IVBAXATL|WEIGHT=125|
RECORD=31|LINENO=   1|OWNERPARTID= -42|OWNERINDEX= -42|AREACOLOR=16777215|BORDERON=T|CUSTOMMARGINWIDTH=20|CUSTOMX=1700|CUSTOMXZONES=6|CUSTOMY=1100|CUSTOMYZONES=4|DISPLAY_UNIT=4|FONTIDCOUNT=6|FONTNAME1=Times New Roman|FONTNAME2=Arial|FONTNAME3=Arial|FONTNAME4=Arial|FONTNAME5=Arial|FONTNAME6=Times New Roman|HOTSPOTGRIDON=T|HOTSPOTGRIDSIZE=3|ISBOC=T|SHEETNUMBERSPACESIZE=4|SHEETSTYLE=6|SHOWTEMPLATEGRAPHICS=T|SIZE1=10|SIZE2=10|SIZE3=8|SIZE4=9|SIZE5=16|SIZE6=20|SNAPGRIDON=T|SNAPGRIDSIZE=5|SYSTEMFONT=4|TEMPLATEFILENAME=C:\NSCUtils\Altium\Templates\AD\TI_ANSI-B.SchDot|USECUSTOMSHEET=T|USEMBCS=T|VISIBLEGRIDON=T|VISIBLEGRIDSIZE=10|
RECORD=39|LINENO=   2|OWNERPARTID=   0|OWNERINDEX= -42|FILENAME=C:\NSCUtils\Altium\Templates\AD\TI_ANSI-B.SchDot|
RECORD= 4|LINENO=   3|OWNERPARTID=   0|OWNERINDEX=   2|FONTID=2|LOCATION.X=1530|LOCATION.Y=40|TEXT==sheetnumber|
RECORD= 4|LINENO=   4|OWNERPARTID=   0|OWNERINDEX=   2|FONTID=2|LOCATION.X=1555|LOCATION.Y=40|TEXT==SheetTotal|
RECORD= 4|LINENO=   5|OWNERPARTID=   0|OWNERINDEX=   2|FONTID=2|LOCATION.X=1361|LOCATION.Y=50|TEXT==title|
RECORD= 4|LINENO=   6|OWNERPARTID=   0|OWNERINDEX=   2|FONTID=2|LOCATION.X=1520|LOCATION.Y=70|TEXT==ModifiedDate|
RECORD= 4|LINENO=   7|OWNERPARTID=   0|OWNERINDEX=   2|FONTID=2|LOCATION.X=1332|LOCATION.Y=30|TEXT==DocumentName|
RECORD= 6|LINENO=   8|OWNERPARTID=   0|OWNERINDEX=   2|LOCATIONCOUNT=2|X1=1310|X2=1570|Y1=50|Y2=50|
RECORD= 6|LINENO=   9|OWNERPARTID=   0|OWNERINDEX=   2|LOCATIONCOUNT=2|X1=1680|X2=1310|Y1=30|Y2=30|
RECORD= 4|LINENO=  10|OWNERPARTID=   0|OWNERINDEX=   2|FONTID=2|LOCATION.X=1313|LOCATION.Y=50|TEXT=Sheet Title:|
RECORD= 4|LINENO=  11|OWNERPARTID=   0|OWNERINDEX=   2|FONTID=2|LOCATION.X=1523|LOCATION.Y=30|TEXT=Size:|
RECORD= 4|LINENO=  12|OWNERPARTID=   0|OWNERINDEX=   2|FONTID=2|LOCATION.X=1472|LOCATION.Y=70|TEXT=Mod. Date:|
RECORD= 4|LINENO=  13|OWNERPARTID=   0|OWNERINDEX=   2|FONTID=2|LOCATION.X=1313|LOCATION.Y=30|TEXT=File:|
RECORD= 4|LINENO=  14|OWNERPARTID=   0|OWNERINDEX=   2|FONTID=2|LOCATION.X=1503|LOCATION.Y=40|TEXT=Sheet:|
RECORD= 4|LINENO=  15|OWNERPARTID=   0|OWNERINDEX=   2|FONTID=2|LOCATION.X=1542|LOCATION.Y=40|TEXT=of|
RECORD= 4|LINENO=  16|OWNERPARTID=   0|OWNERINDEX=   2|FONTID=2|LOCATION.X=1545|LOCATION.Y=30|TEXT=B|
RECORD= 6|LINENO=  17|OWNERPARTID=   0|OWNERINDEX=   2|LOCATIONCOUNT=2|X1=1310|X2=1570|Y1=50|Y2=50|
RECORD= 6|LINENO=  18|OWNERPARTID=   0|OWNERINDEX=   2|LOCATIONCOUNT=2|X1=410|X2=1160|Y1=50|Y2=50|
RECORD= 6|LINENO=  19|OWNERPARTID=   0|OWNERINDEX=   2|LOCATIONCOUNT=2|X1=1570|X2=1310|Y1=40|Y2=40|
RECORD= 4|LINENO=  20|OWNERPARTID=   0|OWNERINDEX=   2|FONTID=2|LOCATION.X=1590|LOCATION.Y=30|TEXT=http://www.ti.com|
RECORD= 4|LINENO=  21|OWNERPARTID=   0|OWNERINDEX=   2|FONTID=2|LOCATION.X=1313|LOCATION.Y=20|TEXT=Contact:|
RECORD= 4|LINENO=  22|OWNERPARTID=   0|OWNERINDEX=   2|FONTID=2|LOCATION.X=1350|LOCATION.Y=20|TEXT==TechSupport|
RECORD= 6|LINENO=  23|OWNERPARTID=   0|OWNERINDEX=   2|LOCATIONCOUNT=2|X1=1470|X2=1470|Y1=80|Y2=70|
RECORD= 6|LINENO=  24|OWNERPARTID=   0|OWNERINDEX=   2|LOCATIONCOUNT=2|X1=1310|X2=1570|Y1=60|Y2=60|
RECORD= 4|LINENO=  25|OWNERPARTID=   0|OWNERINDEX=   2|FONTID=2|LOCATION.X=1365|LOCATION.Y=60|TEXT==PRJ_Title|
RECORD= 4|LINENO=  26|OWNERPARTID=   0|OWNERINDEX=   2|FONTID=2|LOCATION.X=1313|LOCATION.Y=60|TEXT=Project Title:|
RECORD= 6|LINENO=  27|OWNERPARTID=   0|OWNERINDEX=   2|LOCATIONCOUNT=3|X1=1310|X2=1310|X3=1680|Y1=20|Y2=80|Y3=80|
RECORD= 4|LINENO=  28|OWNERPARTID=   0|OWNERINDEX=   2|FONTID=2|LOCATION.X=1313|LOCATION.Y=70|TEXT=Designed for:|
RECORD= 4|LINENO=  29|OWNERPARTID=   0|OWNERINDEX=   2|FONTID=2|LOCATION.X=1368|LOCATION.Y=70|TEXT==PRJ_Customer|
RECORD= 6|LINENO=  30|OWNERPARTID=   0|OWNERINDEX=   2|LOCATIONCOUNT=2|X1=1500|X2=1500|Y1=50|Y2=40|
RECORD= 4|LINENO=  31|OWNERPARTID=   0|OWNERINDEX=   2|FONTID=2|LOCATION.X=1313|LOCATION.Y=40|TEXT=Assembly Variant:|
RECORD= 4|LINENO=  32|OWNERPARTID=   0|OWNERINDEX=   2|FONTID=2|LOCATION.X=1387|LOCATION.Y=40|TEXT==variantName|
RECORD= 4|LINENO=  33|OWNERPARTID=   0|OWNERINDEX=   2|%UTF8%TEXT=Â© Texas Instruments|FONTID=3|LOCATION.X=1580|LOCATION.Y=20|TEXT=© Texas Instruments|
RECORD= 4|LINENO=  34|OWNERPARTID=   0|OWNERINDEX=   2|FONTID=3|LOCATION.X=1650|LOCATION.Y=20|TEXT==CopyrightYear|
RECORD= 4|LINENO=  35|OWNERPARTID=   0|OWNERINDEX=   2|FONTID=2|LOCATION.X=1163|LOCATION.Y=30|TEXT=Drawn By:|
RECORD= 4|LINENO=  36|OWNERPARTID=   0|OWNERINDEX=   2|FONTID=2|LOCATION.X=1163|LOCATION.Y=20|TEXT=Engineer:|
RECORD= 4|LINENO=  37|OWNERPARTID=   0|OWNERINDEX=   2|FONTID=2|LOCATION.X=1205|LOCATION.Y=30|TEXT==DrawnBy|
RECORD= 4|LINENO=  38|OWNERPARTID=   0|OWNERINDEX=   2|FONTID=2|LOCATION.X=1205|LOCATION.Y=20|TEXT==PRJ_Engineer|
RECORD=30|LINENO=  39|OWNERPARTID=   0|OWNERINDEX=   2|CORNER.X=1679|CORNER.X_FRAC=99999|CORNER.Y=78|CORNER.Y_FRAC=58511|EMBEDIMAGE=T|FILENAME=C:\Documents and Settings\codlsc\My Documents\TI\Logo\ti_stk_1c_pos_rgb_jpg.jpg|KEEPASPECT=T|LOCATION.X=1570|LOCATION.Y=40|
RECORD= 6|LINENO=  40|OWNERPARTID=   0|OWNERINDEX=   2|LOCATIONCOUNT=2|X1=1570|X2=1570|Y1=30|Y2=80|
RECORD=28|LINENO=  41|OWNERPARTID=   0|OWNERINDEX=   2|ALIGNMENT=1|AREACOLOR=16777215|CLIPTORECT=T|CORNER.X=1155|CORNER.Y=50|FONTID=2|LOCATION.X=415|LOCATION.Y=20|TEXT=Texas Instruments and/or its licensors do not warrant the accuracy or completeness of this specification or any information contained therein. Texas Instruments and/or its licensors do not warrant that this design will meet the specifications, will be suitable for your application or fit for any particular purpose, or will operate in an implementation. Texas Instruments and/or its licensors do not warrant that the design is production worthy. You should completely validate and test your design implementation to confirm the system functionality for your application.|TEXTMARGIN_FRAC=5|WORDWRAP=T|
RECORD= 6|LINENO=  42|OWNERPARTID=   0|OWNERINDEX=   2|LOCATIONCOUNT=2|X1=1160|X2=1160|Y1=20|Y2=60|
RECORD= 6|LINENO=  43|OWNERPARTID=   0|OWNERINDEX=   2|LOCATIONCOUNT=2|X1=1160|X2=1310|Y1=30|Y2=30|
RECORD= 6|LINENO=  44|OWNERPARTID=   0|OWNERINDEX=   2|LOCATIONCOUNT=2|X1=1310|X2=1160|Y1=40|Y2=40|
RECORD= 6|LINENO=  45|OWNERPARTID=   0|OWNERINDEX=   2|LOCATIONCOUNT=2|X1=1520|X2=1520|Y1=40|Y2=30|
RECORD= 6|LINENO=  46|OWNERPARTID=   0|OWNERINDEX=   2|LOCATIONCOUNT=2|X1=1310|X2=1570|Y1=70|Y2=70|
RECORD= 6|LINENO=  47|OWNERPARTID=   0|OWNERINDEX=   2|LOCATIONCOUNT=2|X1=1160|X2=1310|Y1=50|Y2=50|
RECORD= 6|LINENO=  48|OWNERPARTID=   0|OWNERINDEX=   2|LOCATIONCOUNT=2|X1=410|X2=410|Y1=50|Y2=20|
RECORD= 4|LINENO=  49|OWNERPARTID=   0|OWNERINDEX=   2|FONTID=2|LOCATION.X=1210|LOCATION.Y=40|TEXT==VersionControl_RevNumber|
RECORD= 4|LINENO=  50|OWNERPARTID=   0|OWNERINDEX=   2|FONTID=2|LOCATION.X=1163|LOCATION.Y=40|TEXT=SVN Rev:|
RECORD= 4|LINENO=  51|OWNERPARTID=   0|OWNERINDEX=   2|FONTID=2|LOCATION.X=1200|LOCATION.Y=50|TEXT==PRJ_Number|
RECORD= 4|LINENO=  52|OWNERPARTID=   0|OWNERINDEX=   2|FONTID=2|LOCATION.X=1163|LOCATION.Y=50|TEXT=Number:|
RECORD= 6|LINENO=  53|OWNERPARTID=   0|OWNERINDEX=   2|LOCATIONCOUNT=2|X1=1160|X2=1310|Y1=60|Y2=60|
RECORD= 4|LINENO=  54|OWNERPARTID=   0|OWNERINDEX=   2|FONTID=2|LOCATION.X=1263|LOCATION.Y=50|TEXT=Rev:|
RECORD= 6|LINENO=  55|OWNERPARTID=   0|OWNERINDEX=   2|LOCATIONCOUNT=2|X1=1260|X2=1260|Y1=60|Y2=50|
RECORD= 4|LINENO=  56|OWNERPARTID=   0|OWNERINDEX=   2|FONTID=2|LOCATION.X=1290|LOCATION.Y=50|TEXT==SCH_Rev|
RECORD=41|LINENO=  57|OWNERPARTID=   0|OWNERINDEX= -42|FONTID=2|ISHIDDEN=T|NAME=ConfigurationParameters|UNIQUEID=JASRDAQG|
RECORD=41|LINENO=  58|OWNERPARTID=   0|OWNERINDEX= -42|FONTID=2|ISHIDDEN=T|NAME=ConfiguratorName|UNIQUEID=EYCUQICD|
RECORD=41|LINENO=  59|OWNERPARTID=   0|OWNERINDEX= -42|FONTID=2|ISHIDDEN=T|NAME=VersionControl_RevNumber|UNIQUEID=CXQLGHNB|
RECORD=41|LINENO=  60|OWNERPARTID=   0|OWNERINDEX= -42|FONTID=2|ISHIDDEN=T|NAME=IsUserConfigurable|UNIQUEID=HEBUOUNA|
RECORD=41|LINENO=  61|OWNERPARTID=   0|OWNERINDEX= -42|FONTID=1|ISHIDDEN=T|NAME=CurrentTime|TEXT=Not shown in title block|UNIQUEID=RTSOVFWB|
RECORD=41|LINENO=  62|OWNERPARTID=   0|OWNERINDEX= -42|FONTID=1|ISHIDDEN=T|NAME=CurrentDate|TEXT=Not shown in title block|UNIQUEID=WVOPGPXN|
RECORD=41|LINENO=  63|OWNERPARTID=   0|OWNERINDEX= -42|FONTID=1|ISHIDDEN=T|NAME=Time|TEXT=Not shown in title block|UNIQUEID=TBGPLVGX|
RECORD=41|LINENO=  64|OWNERPARTID=   0|OWNERINDEX= -42|FONTID=1|ISHIDDEN=T|NAME=Date|TEXT=Not shown in title block|UNIQUEID=CBPCODXY|
RECORD=41|LINENO=  65|OWNERPARTID=   0|OWNERINDEX= -42|FONTID=1|ISHIDDEN=T|NAME=DocumentFullPathAndName|TEXT=Not shown in title block|UNIQUEID=TGWLHDVO|
RECORD=41|LINENO=  66|OWNERPARTID=   0|OWNERINDEX= -42|FONTID=1|ISHIDDEN=T|NAME=DocumentName|TEXT=Not shown in title block|UNIQUEID=CGVHNSGD|
RECORD=41|LINENO=  67|OWNERPARTID=   0|OWNERINDEX= -42|FONTID=1|ISHIDDEN=T|NAME=ModifiedDate|TEXT=Not shown in title block|UNIQUEID=MTLFDCVQ|
RECORD=41|LINENO=  68|OWNERPARTID=   0|OWNERINDEX= -42|FONTID=1|ISHIDDEN=T|NAME=ApprovedBy|TEXT=Not shown in title block|UNIQUEID=LFQIHSCA|
RECORD=41|LINENO=  69|OWNERPARTID=   0|OWNERINDEX= -42|FONTID=1|ISHIDDEN=T|NAME=CheckedBy|TEXT=Not shown in title block|UNIQUEID=ASQKPPTG|
RECORD=41|LINENO=  70|OWNERPARTID=   0|OWNERINDEX= -42|FONTID=1|ISHIDDEN=T|NAME=Author|TEXT=Not shown in title block|UNIQUEID=CXNKIIAB|
RECORD=41|LINENO=  71|OWNERPARTID=   0|OWNERINDEX= -42|FONTID=1|ISHIDDEN=T|NAME=CompanyName|TEXT=Not shown in title block|UNIQUEID=VAVQEIKB|
RECORD=41|LINENO=  72|OWNERPARTID=   0|OWNERINDEX= -42|FONTID=1|ISHIDDEN=T|NAME=DrawnBy|UNIQUEID=OPAOUKPP|
RECORD=41|LINENO=  73|OWNERPARTID=   0|OWNERINDEX= -42|FONTID=1|ISHIDDEN=T|NAME=Engineer|TEXT=Not shown in title block|UNIQUEID=LDQYNTGA|
RECORD=41|LINENO=  74|OWNERPARTID=   0|OWNERINDEX= -42|FONTID=1|ISHIDDEN=T|NAME=Organization|TEXT=Not shown in title block|UNIQUEID=IQHXLSBM|
RECORD=41|LINENO=  75|OWNERPARTID=   0|OWNERINDEX= -42|FONTID=1|ISHIDDEN=T|NAME=Address1|TEXT=Not shown in title block|UNIQUEID=BGPFRBIQ|
RECORD=41|LINENO=  76|OWNERPARTID=   0|OWNERINDEX= -42|FONTID=1|ISHIDDEN=T|NAME=Address2|TEXT=Not shown in title block|UNIQUEID=TITFDPXI|
RECORD=41|LINENO=  77|OWNERPARTID=   0|OWNERINDEX= -42|FONTID=1|ISHIDDEN=T|NAME=Address3|TEXT=Not shown in title block|UNIQUEID=YYBPGYAL|
RECORD=41|LINENO=  78|OWNERPARTID=   0|OWNERINDEX= -42|FONTID=1|ISHIDDEN=T|NAME=Address4|TEXT=Not shown in title block|UNIQUEID=MDYGRCWY|
RECORD=41|LINENO=  79|OWNERPARTID=   0|OWNERINDEX= -42|FONTID=1|ISHIDDEN=T|NAME=Title|TEXT=Index Page|UNIQUEID=YKNBLYLN|
RECORD=41|LINENO=  80|OWNERPARTID=   0|OWNERINDEX= -42|FONTID=1|ISHIDDEN=T|NAME=DocumentNumber|PARAMTYPE=2|TEXT=1|UNIQUEID=NJADHQIX|
RECORD=41|LINENO=  81|OWNERPARTID=   0|OWNERINDEX= -42|FONTID=1|ISHIDDEN=T|NAME=Revision|TEXT=Use project parameter SCH_Rev|UNIQUEID=CESRLXIT|
RECORD=41|LINENO=  82|OWNERPARTID=   0|OWNERINDEX= -42|FONTID=1|ISHIDDEN=T|NAME=SheetNumber|PARAMTYPE=2|TEXT=1|UNIQUEID=LGLCRJAX|
RECORD=41|LINENO=  83|OWNERPARTID=   0|OWNERINDEX= -42|FONTID=1|ISHIDDEN=T|NAME=SheetTotal|PARAMTYPE=2|TEXT=9|UNIQUEID=GCXFOFSM|
RECORD=41|LINENO=  84|OWNERPARTID=   0|OWNERINDEX= -42|FONTID=1|ISHIDDEN=T|NAME=ImagePath|TEXT=Not shown in title block|UNIQUEID=MUYWIVXH|
RECORD=41|LINENO=  85|OWNERPARTID=   0|OWNERINDEX= -42|FONTID=1|ISHIDDEN=T|NAME=Rule|TEXT=*|UNIQUEID=HITBYBYG|
RECORD=41|LINENO=  86|OWNERPARTID=   0|OWNERINDEX= -42|%UTF8%TEXT=Record=PageOptionsÂ¦CenterHorizontal=TrueÂ¦CenterVertical=TrueÂ¦PrintScale=1.00Â¦XCorrection=1.00Â¦YCorrection=1.00Â¦PrintKind=0Â¦BorderSize=5000000Â¦LeftOffset=0Â¦BottomOffset=0Â¦Orientation=2Â¦PaperLength=1000Â¦PaperWidth=1000Â¦Scale=100Â¦PaperSource=15Â¦PrintQuality=600Â¦MediaType=1Â¦DitherType=10Â¦PaperKind=LetterÂ¦PrintScaleMode=1|FONTID=1|ISHIDDEN=T|NAME=PageSetup|TEXT=Record=PageOptionsŽCenterHorizontal=TrueŽCenterVertical=TrueŽPrintScale=1.00ŽXCorrection=1.00ŽYCorrection=1.00ŽPrintKind=0ŽBorderSize=5000000ŽLeftOffset=0ŽBottomOffset=0ŽOrientation=2ŽPaperLength=1000ŽPaperWidth=1000ŽScale=100ŽPaperSource=15ŽPrintQuality=600ŽMediaType=1ŽDitherType=10ŽPaperKind=LetterŽPrintScaleMode=1|UNIQUEID=WBKTLLOR|
RECORD=41|LINENO=  87|OWNERPARTID=   0|OWNERINDEX= -42|FONTID=1|ISHIDDEN=T|NAME=ProjectName|TEXT=*|UNIQUEID=DFQNJMPP|
RECORD= 4|LINENO=  88|OWNERPARTID=   0|OWNERINDEX= -42|FONTID=5|JUSTIFICATION=4|LOCATION.X=1420|LOCATION.Y=770|TEXT=Revision History|
RECORD= 4|LINENO=  89|OWNERPARTID=   0|OWNERINDEX= -42|FONTID=2|JUSTIFICATION=4|LOCATION.X=1260|LOCATION.Y=750|TEXT=Revision|
RECORD= 4|LINENO=  90|OWNERPARTID=   0|OWNERINDEX= -42|FONTID=2|JUSTIFICATION=4|LOCATION.X=1350|LOCATION.Y=750|TEXT=Notes|
RECORD= 6|LINENO=  91|OWNERPARTID=   0|OWNERINDEX= -42|LINEWIDTH=2|LOCATIONCOUNT=2|X1=1310|X2=1310|Y1=760|Y2=360|
RECORD= 6|LINENO=  92|OWNERPARTID=   0|OWNERINDEX= -42|LINEWIDTH=2|LOCATIONCOUNT=2|X1=1230|X2=1230|Y1=760|Y2=360|
RECORD= 6|LINENO=  93|OWNERPARTID=   0|OWNERINDEX= -42|LINEWIDTH=2|LOCATIONCOUNT=3|X1=1600|X2=1600|X3=1230|Y1=760|Y2=360|Y3=360|
RECORD= 6|LINENO=  94|OWNERPARTID=   0|OWNERINDEX= -42|LINEWIDTH=2|LOCATIONCOUNT=2|X1=1230|X2=1600|Y1=760|Y2=760|
RECORD= 6|LINENO=  95|OWNERPARTID=   0|OWNERINDEX= -42|LINEWIDTH=2|LOCATIONCOUNT=2|X1=1600|X2=1230|Y1=740|Y2=740|
RECORD= 6|LINENO=  96|OWNERPARTID=   0|OWNERINDEX= -42|LINEWIDTH=2|LOCATIONCOUNT=4|X1=1230|X2=1230|X3=1600|X4=1600|Y1=760|Y2=780|Y3=780|Y4=760|
RECORD= 6|LINENO=  97|OWNERPARTID=   0|OWNERINDEX= -42|LINEWIDTH=1|LOCATIONCOUNT=5|X1=100|X2=980|X3=980|X4=100|X5=100|Y1=900|Y2=900|Y3=840|Y4=840|Y5=900|
RECORD= 4|LINENO=  98|OWNERPARTID=   0|OWNERINDEX= -42|FONTID=5|JUSTIFICATION=4|LOCATION.X=135|LOCATION.Y=875|TEXT=Page 1|
RECORD= 6|LINENO=  99|OWNERPARTID=   0|OWNERINDEX= -42|LINEWIDTH=1|LOCATIONCOUNT=5|X1=100|X2=980|X3=980|X4=100|X5=100|Y1=820|Y2=820|Y3=760|Y4=760|Y5=820|
RECORD= 4|LINENO= 100|OWNERPARTID=   0|OWNERINDEX= -42|FONTID=5|JUSTIFICATION=4|LOCATION.X=135|LOCATION.Y=795|TEXT=Page 2|
RECORD= 6|LINENO= 101|OWNERPARTID=   0|OWNERINDEX= -42|LINEWIDTH=1|LOCATIONCOUNT=5|X1=100|X2=980|X3=980|X4=100|X5=100|Y1=740|Y2=740|Y3=680|Y4=680|Y5=740|
RECORD= 4|LINENO= 102|OWNERPARTID=   0|OWNERINDEX= -42|FONTID=5|JUSTIFICATION=4|LOCATION.X=135|LOCATION.Y=715|TEXT=Page 3|
RECORD= 6|LINENO= 103|OWNERPARTID=   0|OWNERINDEX= -42|LINEWIDTH=1|LOCATIONCOUNT=5|X1=100|X2=980|X3=980|X4=100|X5=100|Y1=660|Y2=660|Y3=600|Y4=600|Y5=660|
RECORD= 6|LINENO= 104|OWNERPARTID=   0|OWNERINDEX= -42|LINEWIDTH=1|LOCATIONCOUNT=5|X1=100|X2=980|X3=980|X4=100|X5=100|Y1=580|Y2=580|Y3=520|Y4=520|Y5=580|
RECORD= 6|LINENO= 105|OWNERPARTID=   0|OWNERINDEX= -42|LINEWIDTH=2|LOCATIONCOUNT=2|X1=1600|X2=1230|Y1=680|Y2=680|
RECORD= 4|LINENO= 106|OWNERPARTID=   0|OWNERINDEX= -42|FONTID=5|JUSTIFICATION=4|LOCATION.X=150|LOCATION.Y=550|TEXT=Page 5|
RECORD= 4|LINENO= 107|OWNERPARTID=   0|OWNERINDEX= -42|FONTID=5|JUSTIFICATION=4|LOCATION.X=145|LOCATION.Y=625|TEXT=Page 4|
RECORD= 6|LINENO= 108|OWNERPARTID=   0|OWNERINDEX= -42|LINEWIDTH=1|LOCATIONCOUNT=5|X1=100|X2=980|X3=980|X4=100|X5=100|Y1=325|Y2=325|Y3=265|Y4=265|Y5=325|
RECORD= 4|LINENO= 109|OWNERPARTID=   0|OWNERINDEX= -42|FONTID=5|JUSTIFICATION=4|LOCATION.X=150|LOCATION.Y=295|TEXT=Page 8|
RECORD= 4|LINENO= 110|OWNERPARTID=   0|OWNERINDEX= -42|FONTID=6|LOCATION.X=230|LOCATION.Y=860|TEXT=Block Diagram|
RECORD= 4|LINENO= 111|OWNERPARTID=   0|OWNERINDEX= -42|FONTID=6|LOCATION.X=230|LOCATION.Y=780|TEXT=Microcontroller|
RECORD= 4|LINENO= 112|OWNERPARTID=   0|OWNERINDEX= -42|FONTID=6|LOCATION.X=230|LOCATION.Y=695|TEXT=Current signal condtioning|
RECORD= 4|LINENO= 113|OWNERPARTID=   0|OWNERINDEX= -42|FONTID=6|LOCATION.X=230|LOCATION.Y=620|TEXT=Voltage signal condtioning|
RECORD= 4|LINENO= 114|OWNERPARTID=   0|OWNERINDEX= -42|FONTID=6|LOCATION.X=230|LOCATION.Y=455|TEXT=Isolated Power Supply 2|
RECORD= 4|LINENO= 115|OWNERPARTID=   0|OWNERINDEX= -42|FONTID=6|LOCATION.X=240|LOCATION.Y=285|TEXT=JTAG Interface + LEDs + Decoupling Capacitors|
RECORD= 6|LINENO= 116|OWNERPARTID=   0|OWNERINDEX= -42|LINEWIDTH=1|LOCATIONCOUNT=5|X1=100|X2=980|X3=980|X4=100|X5=100|Y1=495|Y2=495|Y3=435|Y4=435|Y5=495|
RECORD= 4|LINENO= 117|OWNERPARTID=   0|OWNERINDEX= -42|FONTID=5|JUSTIFICATION=4|LOCATION.X=150|LOCATION.Y=465|TEXT=Page 6|
RECORD= 4|LINENO= 118|OWNERPARTID=   0|OWNERINDEX= -42|FONTID=6|LOCATION.X=230|LOCATION.Y=360|TEXT=Isolated Power Supply 3|
RECORD= 6|LINENO= 119|OWNERPARTID=   0|OWNERINDEX= -42|LINEWIDTH=1|LOCATIONCOUNT=5|X1=100|X2=980|X3=980|X4=100|X5=100|Y1=410|Y2=410|Y3=350|Y4=350|Y5=410|
RECORD= 4|LINENO= 120|OWNERPARTID=   0|OWNERINDEX= -42|FONTID=5|JUSTIFICATION=4|LOCATION.X=150|LOCATION.Y=380|TEXT=Page 7|
RECORD= 4|LINENO= 121|OWNERPARTID=   0|OWNERINDEX= -42|FONTID=6|LOCATION.X=225|LOCATION.Y=540|TEXT=Isolated Power Supply 1|
RECORD= 6|LINENO= 122|OWNERPARTID=   0|OWNERINDEX= -42|LINEWIDTH=1|LOCATIONCOUNT=5|X1=100|X2=980|X3=980|X4=100|X5=100|Y1=240|Y2=240|Y3=180|Y4=180|Y5=240|
RECORD= 4|LINENO= 123|OWNERPARTID=   0|OWNERINDEX= -42|FONTID=5|JUSTIFICATION=4|LOCATION.X=150|LOCATION.Y=210|TEXT=Page 9|
RECORD= 4|LINENO= 124|OWNERPARTID=   0|OWNERINDEX= -42|FONTID=6|LOCATION.X=240|LOCATION.Y=200|TEXT=Hardware - MIiscellaneous|
RECORD=41|LINENO= 125|OWNERPARTID=   0|OWNERINDEX= -42|FONTID=1|ISHIDDEN=T|NAME=Application_BuildNumber|TEXT=*|UNIQUEID=QUWNFPWG|
