
*** Running vivado
    with args -log WICSC_daq_spi3_WICSC_top_0_0.vds -m64 -product Vivado -mode batch -messageDb vivado.pb -notrace -source WICSC_daq_spi3_WICSC_top_0_0.tcl



****** Vivado v2020.1 (64-bit)
  **** SW Build 2902540 on Wed May 27 19:54:49 MDT 2020
  **** IP Build 2902112 on Wed May 27 22:43:36 MDT 2020
    ** Copyright 1986-2020 Xilinx, Inc. All Rights Reserved.

source WICSC_daq_spi3_WICSC_top_0_0.tcl -notrace
create_project: Time (s): cpu = 00:00:03 ; elapsed = 00:00:11 . Memory (MB): peak = 1056.492 ; gain = 0.000
INFO: [IP_Flow 19-234] Refreshing IP repositories
INFO: [IP_Flow 19-1700] Loaded user IP repository 'c:/Users/Meklarn/Desktop/EXJOBB/JonasHansson_2021VT/Vivado/ad9249_daq_custom/CounterFreq'.
INFO: [IP_Flow 19-1700] Loaded user IP repository 'c:/Users/Meklarn/Desktop/EXJOBB/JonasHansson_2021VT/Vivado/quadrature _decoder'.
INFO: [IP_Flow 19-1700] Loaded user IP repository 'c:/Users/Meklarn/Desktop/EXJOBB/JonasHansson_2021VT/Vivado/ad9249_daq_custom/Data_select'.
INFO: [IP_Flow 19-1700] Loaded user IP repository 'c:/Users/Meklarn/Desktop/EXJOBB/JonasHansson_2021VT/Vivado/ad9249_daq_custom/DAQ_YG'.
INFO: [IP_Flow 19-1700] Loaded user IP repository 'c:/Users/Meklarn/Desktop/EXJOBB/JonasHansson_2021VT/Vivado/spi_master_WICSC'.
INFO: [IP_Flow 19-2313] Loaded Vivado IP repository 'X:/Xilink/Vivado/2020.1/data/ip'.
WARNING: [IP_Flow 19-1663] Duplicate IP found for 'kth.se:user:Counter_YW_top:1.0'. The one found in IP location 'c:/Users/Meklarn/Desktop/EXJOBB/JonasHansson_2021VT/Vivado/ad9249_daq_custom/CounterFreq/Counter_YW' will take precedence over the same IP in location c:/Users/Meklarn/Desktop/EXJOBB/JonasHansson_2021VT/Vivado/ad9249_daq_custom/CounterFreq/Counter_YW/Counter_YW.srcs
WARNING: [IP_Flow 19-4995] The host OS only allows 260 characters in a normal path. The IP cache path is more than 80 characters. If you experience issues with IP caching, please consider changing the IP cache to a location with a shorter path. Alternately consider using the OS subst command to map part of the path to a drive letter. 
Current IP cache path is c:/Users/Meklarn/Desktop/EXJOBB/JonasHansson_2021VT/Vivado/WICSC_daq/WICSC_daq.cache/ip 
Command: synth_design -top WICSC_daq_spi3_WICSC_top_0_0 -part xc7z020clg484-1 -mode out_of_context
Starting synth_design
Attempting to get a license for feature 'Synthesis' and/or device 'xc7z020'
INFO: [Common 17-349] Got license for feature 'Synthesis' and/or device 'xc7z020'
INFO: [Device 21-403] Loading part xc7z020clg484-1
INFO: [Synth 8-7079] Multithreading enabled for synth_design using a maximum of 2 processes.
INFO: [Synth 8-7078] Launching helper process for spawning children vivado processes
INFO: [Synth 8-7075] Helper process launched with PID 16536
---------------------------------------------------------------------------------
Starting RTL Elaboration : Time (s): cpu = 00:00:07 ; elapsed = 00:00:26 . Memory (MB): peak = 1056.492 ; gain = 0.000
---------------------------------------------------------------------------------
INFO: [Synth 8-638] synthesizing module 'WICSC_daq_spi3_WICSC_top_0_0' [c:/Users/Meklarn/Desktop/EXJOBB/JonasHansson_2021VT/Vivado/WICSC_daq/WICSC_daq.srcs/sources_1/bd/WICSC_daq/ip/WICSC_daq_spi3_WICSC_top_0_0/synth/WICSC_daq_spi3_WICSC_top_0_0.vhd:73]
	Parameter CPOL bound to: 1'b1 
	Parameter CPHA bound to: 1'b1 
	Parameter CONT bound to: 1'b0 
	Parameter ADDR bound to: 0 - type: integer 
	Parameter NUM_SLAVES bound to: 1 - type: integer 
	Parameter CMD_WIDTH bound to: 16 - type: integer 
	Parameter DATA_WIDTH bound to: 8 - type: integer 
	Parameter DIRECTION bound to: 1'b0 
INFO: [Synth 8-3491] module 'spi3_WICSC_top' declared at 'c:/Users/Meklarn/Desktop/EXJOBB/JonasHansson_2021VT/Vivado/WICSC_daq/WICSC_daq.srcs/sources_1/bd/WICSC_daq/ipshared/0cec/sources_1/new/spi3_WICSC_top.vhd:34' bound to instance 'U0' of component 'spi3_WICSC_top' [c:/Users/Meklarn/Desktop/EXJOBB/JonasHansson_2021VT/Vivado/WICSC_daq/WICSC_daq.srcs/sources_1/bd/WICSC_daq/ip/WICSC_daq_spi3_WICSC_top_0_0/synth/WICSC_daq_spi3_WICSC_top_0_0.vhd:115]
INFO: [Synth 8-638] synthesizing module 'spi3_WICSC_top' [c:/Users/Meklarn/Desktop/EXJOBB/JonasHansson_2021VT/Vivado/WICSC_daq/WICSC_daq.srcs/sources_1/bd/WICSC_daq/ipshared/0cec/sources_1/new/spi3_WICSC_top.vhd:64]
	Parameter CPOL bound to: 1'b1 
	Parameter CPHA bound to: 1'b1 
	Parameter CONT bound to: 1'b0 
	Parameter ADDR bound to: 0 - type: integer 
	Parameter NUM_SLAVES bound to: 1 - type: integer 
	Parameter CMD_WIDTH bound to: 16 - type: integer 
	Parameter DATA_WIDTH bound to: 8 - type: integer 
	Parameter DIRECTION bound to: 1'b0 
	Parameter slaves bound to: 1 - type: integer 
	Parameter d_width bound to: 24 - type: integer 
INFO: [Synth 8-3491] module 'spi_master' declared at 'c:/Users/Meklarn/Desktop/EXJOBB/JonasHansson_2021VT/Vivado/WICSC_daq/WICSC_daq.srcs/sources_1/bd/WICSC_daq/ipshared/0cec/sources_1/new/spi_master.vhd:30' bound to instance 'spi4_master' of component 'spi_master' [c:/Users/Meklarn/Desktop/EXJOBB/JonasHansson_2021VT/Vivado/WICSC_daq/WICSC_daq.srcs/sources_1/bd/WICSC_daq/ipshared/0cec/sources_1/new/spi3_WICSC_top.vhd:131]
INFO: [Synth 8-638] synthesizing module 'spi_master' [c:/Users/Meklarn/Desktop/EXJOBB/JonasHansson_2021VT/Vivado/WICSC_daq/WICSC_daq.srcs/sources_1/bd/WICSC_daq/ipshared/0cec/sources_1/new/spi_master.vhd:52]
	Parameter slaves bound to: 1 - type: integer 
	Parameter d_width bound to: 24 - type: integer 
INFO: [Synth 8-256] done synthesizing module 'spi_master' (1#1) [c:/Users/Meklarn/Desktop/EXJOBB/JonasHansson_2021VT/Vivado/WICSC_daq/WICSC_daq.srcs/sources_1/bd/WICSC_daq/ipshared/0cec/sources_1/new/spi_master.vhd:52]
INFO: [Synth 8-3491] module 'IOBUF' declared at 'X:/Xilink/Vivado/2020.1/scripts/rt/data/unisim_comp.v:36238' bound to instance 'IOBUF_1' of component 'iobuf' [c:/Users/Meklarn/Desktop/EXJOBB/JonasHansson_2021VT/Vivado/WICSC_daq/WICSC_daq.srcs/sources_1/bd/WICSC_daq/ipshared/0cec/sources_1/new/spi3_WICSC_top.vhd:157]
INFO: [Synth 8-6157] synthesizing module 'IOBUF' [X:/Xilink/Vivado/2020.1/scripts/rt/data/unisim_comp.v:36238]
	Parameter DRIVE bound to: 12 - type: integer 
	Parameter IBUF_LOW_PWR bound to: TRUE - type: string 
	Parameter IOSTANDARD bound to: DEFAULT - type: string 
	Parameter SLEW bound to: SLOW - type: string 
INFO: [Synth 8-6155] done synthesizing module 'IOBUF' (2#1) [X:/Xilink/Vivado/2020.1/scripts/rt/data/unisim_comp.v:36238]
INFO: [Synth 8-256] done synthesizing module 'spi3_WICSC_top' (3#1) [c:/Users/Meklarn/Desktop/EXJOBB/JonasHansson_2021VT/Vivado/WICSC_daq/WICSC_daq.srcs/sources_1/bd/WICSC_daq/ipshared/0cec/sources_1/new/spi3_WICSC_top.vhd:64]
INFO: [Synth 8-256] done synthesizing module 'WICSC_daq_spi3_WICSC_top_0_0' (4#1) [c:/Users/Meklarn/Desktop/EXJOBB/JonasHansson_2021VT/Vivado/WICSC_daq/WICSC_daq.srcs/sources_1/bd/WICSC_daq/ip/WICSC_daq_spi3_WICSC_top_0_0/synth/WICSC_daq_spi3_WICSC_top_0_0.vhd:73]
---------------------------------------------------------------------------------
Finished RTL Elaboration : Time (s): cpu = 00:00:09 ; elapsed = 00:00:35 . Memory (MB): peak = 1067.926 ; gain = 11.434
---------------------------------------------------------------------------------
---------------------------------------------------------------------------------
Start Handling Custom Attributes
---------------------------------------------------------------------------------
---------------------------------------------------------------------------------
Finished Handling Custom Attributes : Time (s): cpu = 00:00:09 ; elapsed = 00:00:36 . Memory (MB): peak = 1067.926 ; gain = 11.434
---------------------------------------------------------------------------------
---------------------------------------------------------------------------------
Finished RTL Optimization Phase 1 : Time (s): cpu = 00:00:09 ; elapsed = 00:00:36 . Memory (MB): peak = 1067.926 ; gain = 11.434
---------------------------------------------------------------------------------
Netlist sorting complete. Time (s): cpu = 00:00:00 ; elapsed = 00:00:00.107 . Memory (MB): peak = 1067.926 ; gain = 0.000
INFO: [Netlist 29-17] Analyzing 1 Unisim elements for replacement
INFO: [Netlist 29-28] Unisim Transformation completed in 1 CPU seconds
INFO: [Project 1-570] Preparing netlist for logic optimization

Processing XDC Constraints
Initializing timing engine
Completed Processing XDC Constraints

Netlist sorting complete. Time (s): cpu = 00:00:00 ; elapsed = 00:00:00.001 . Memory (MB): peak = 1171.309 ; gain = 0.000
INFO: [Project 1-111] Unisim Transformation Summary:
  A total of 1 instances were transformed.
  IOBUF => IOBUF (IBUF, OBUFT): 1 instance 

Constraint Validation Runtime : Time (s): cpu = 00:00:00 ; elapsed = 00:00:02 . Memory (MB): peak = 1171.309 ; gain = 0.000
---------------------------------------------------------------------------------
Finished Constraint Validation : Time (s): cpu = 00:00:20 ; elapsed = 00:02:07 . Memory (MB): peak = 1171.309 ; gain = 114.816
---------------------------------------------------------------------------------
---------------------------------------------------------------------------------
Start Loading Part and Timing Information
---------------------------------------------------------------------------------
Loading part: xc7z020clg484-1
---------------------------------------------------------------------------------
Finished Loading Part and Timing Information : Time (s): cpu = 00:00:20 ; elapsed = 00:02:09 . Memory (MB): peak = 1171.309 ; gain = 114.816
---------------------------------------------------------------------------------
---------------------------------------------------------------------------------
Start Applying 'set_property' XDC Constraints
---------------------------------------------------------------------------------
---------------------------------------------------------------------------------
Finished applying 'set_property' XDC Constraints : Time (s): cpu = 00:00:20 ; elapsed = 00:02:12 . Memory (MB): peak = 1171.309 ; gain = 114.816
---------------------------------------------------------------------------------
INFO: [Synth 8-802] inferred FSM for state register 'RW_state_reg' in module 'spi3_WICSC_top'
---------------------------------------------------------------------------------------------------
                   State |                     New Encoding |                Previous Encoding 
---------------------------------------------------------------------------------------------------
                wait_csb |                              001 |                               00
               count_cmd |                              010 |                               01
                  toggle |                              100 |                               10
---------------------------------------------------------------------------------------------------
INFO: [Synth 8-3354] encoded FSM with state register 'RW_state_reg' using encoding 'one-hot' in module 'spi3_WICSC_top'
---------------------------------------------------------------------------------
Finished RTL Optimization Phase 2 : Time (s): cpu = 00:00:20 ; elapsed = 00:02:16 . Memory (MB): peak = 1171.309 ; gain = 114.816
---------------------------------------------------------------------------------
---------------------------------------------------------------------------------
Start RTL Component Statistics 
---------------------------------------------------------------------------------
Detailed RTL Component Info : 
+---Adders : 
	   2 Input   32 Bit       Adders := 4     
	   3 Input    7 Bit       Adders := 1     
	   2 Input    6 Bit       Adders := 4     
+---Registers : 
	               32 Bit    Registers := 4     
	               24 Bit    Registers := 3     
	                8 Bit    Registers := 1     
	                6 Bit    Registers := 2     
	                1 Bit    Registers := 9     
+---Multipliers : 
	               5x32  Multipliers := 1     
+---Muxes : 
	   2 Input   32 Bit        Muxes := 3     
	   3 Input   32 Bit        Muxes := 2     
	   2 Input   24 Bit        Muxes := 2     
	   2 Input    6 Bit        Muxes := 2     
	   2 Input    1 Bit        Muxes := 29    
	   3 Input    1 Bit        Muxes := 5     
---------------------------------------------------------------------------------
Finished RTL Component Statistics 
---------------------------------------------------------------------------------
---------------------------------------------------------------------------------
Start Part Resource Summary
---------------------------------------------------------------------------------
Part Resources:
DSPs: 220 (col length:60)
BRAMs: 280 (col length: RAMB18 60 RAMB36 30)
---------------------------------------------------------------------------------
Finished Part Resource Summary
---------------------------------------------------------------------------------
---------------------------------------------------------------------------------
Start Cross Boundary and Area Optimization
---------------------------------------------------------------------------------
---------------------------------------------------------------------------------
Finished Cross Boundary and Area Optimization : Time (s): cpu = 00:00:24 ; elapsed = 00:02:23 . Memory (MB): peak = 1171.309 ; gain = 114.816
---------------------------------------------------------------------------------
---------------------------------------------------------------------------------
Start Applying XDC Timing Constraints
---------------------------------------------------------------------------------
---------------------------------------------------------------------------------
Finished Applying XDC Timing Constraints : Time (s): cpu = 00:00:36 ; elapsed = 00:02:38 . Memory (MB): peak = 1171.309 ; gain = 114.816
---------------------------------------------------------------------------------
---------------------------------------------------------------------------------
Start Timing Optimization
---------------------------------------------------------------------------------
---------------------------------------------------------------------------------
Finished Timing Optimization : Time (s): cpu = 00:00:36 ; elapsed = 00:02:38 . Memory (MB): peak = 1171.309 ; gain = 114.816
---------------------------------------------------------------------------------
---------------------------------------------------------------------------------
Start Technology Mapping
---------------------------------------------------------------------------------
---------------------------------------------------------------------------------
Finished Technology Mapping : Time (s): cpu = 00:00:36 ; elapsed = 00:02:38 . Memory (MB): peak = 1185.195 ; gain = 128.703
---------------------------------------------------------------------------------
---------------------------------------------------------------------------------
Start IO Insertion
---------------------------------------------------------------------------------
---------------------------------------------------------------------------------
Start Flattening Before IO Insertion
---------------------------------------------------------------------------------
---------------------------------------------------------------------------------
Finished Flattening Before IO Insertion
---------------------------------------------------------------------------------
---------------------------------------------------------------------------------
Start Final Netlist Cleanup
---------------------------------------------------------------------------------
---------------------------------------------------------------------------------
Finished Final Netlist Cleanup
---------------------------------------------------------------------------------
CRITICAL WARNING: [Synth 8-5799] Converted tricell instance 'U0i_0' to logic
---------------------------------------------------------------------------------
Finished IO Insertion : Time (s): cpu = 00:00:43 ; elapsed = 00:02:46 . Memory (MB): peak = 1185.195 ; gain = 128.703
---------------------------------------------------------------------------------
---------------------------------------------------------------------------------
Start Renaming Generated Instances
---------------------------------------------------------------------------------
---------------------------------------------------------------------------------
Finished Renaming Generated Instances : Time (s): cpu = 00:00:43 ; elapsed = 00:02:46 . Memory (MB): peak = 1185.195 ; gain = 128.703
---------------------------------------------------------------------------------
---------------------------------------------------------------------------------
Start Rebuilding User Hierarchy
---------------------------------------------------------------------------------
---------------------------------------------------------------------------------
Finished Rebuilding User Hierarchy : Time (s): cpu = 00:00:43 ; elapsed = 00:02:46 . Memory (MB): peak = 1185.195 ; gain = 128.703
---------------------------------------------------------------------------------
---------------------------------------------------------------------------------
Start Renaming Generated Ports
---------------------------------------------------------------------------------
---------------------------------------------------------------------------------
Finished Renaming Generated Ports : Time (s): cpu = 00:00:43 ; elapsed = 00:02:46 . Memory (MB): peak = 1185.195 ; gain = 128.703
---------------------------------------------------------------------------------
---------------------------------------------------------------------------------
Start Handling Custom Attributes
---------------------------------------------------------------------------------
---------------------------------------------------------------------------------
Finished Handling Custom Attributes : Time (s): cpu = 00:00:43 ; elapsed = 00:02:46 . Memory (MB): peak = 1185.195 ; gain = 128.703
---------------------------------------------------------------------------------
---------------------------------------------------------------------------------
Start Renaming Generated Nets
---------------------------------------------------------------------------------
---------------------------------------------------------------------------------
Finished Renaming Generated Nets : Time (s): cpu = 00:00:43 ; elapsed = 00:02:46 . Memory (MB): peak = 1185.195 ; gain = 128.703
---------------------------------------------------------------------------------
---------------------------------------------------------------------------------
Start Writing Synthesis Report
---------------------------------------------------------------------------------

Report BlackBoxes: 
+-+--------------+----------+
| |BlackBox name |Instances |
+-+--------------+----------+
+-+--------------+----------+

Report Cell Usage: 
+------+-------+------+
|      |Cell   |Count |
+------+-------+------+
|1     |CARRY4 |    59|
|2     |LUT1   |     7|
|3     |LUT2   |   157|
|4     |LUT3   |    30|
|5     |LUT4   |    36|
|6     |LUT5   |     3|
|7     |LUT6   |    50|
|8     |FDCE   |    77|
|9     |FDPE   |     3|
|10    |FDRE   |   114|
|11    |IOBUF  |     1|
+------+-------+------+
---------------------------------------------------------------------------------
Finished Writing Synthesis Report : Time (s): cpu = 00:00:43 ; elapsed = 00:02:46 . Memory (MB): peak = 1185.195 ; gain = 128.703
---------------------------------------------------------------------------------
Synthesis finished with 0 errors, 1 critical warnings and 0 warnings.
Synthesis Optimization Runtime : Time (s): cpu = 00:00:31 ; elapsed = 00:02:15 . Memory (MB): peak = 1185.195 ; gain = 25.320
Synthesis Optimization Complete : Time (s): cpu = 00:00:43 ; elapsed = 00:02:46 . Memory (MB): peak = 1185.195 ; gain = 128.703
INFO: [Project 1-571] Translating synthesized netlist
Netlist sorting complete. Time (s): cpu = 00:00:00 ; elapsed = 00:00:00.013 . Memory (MB): peak = 1185.195 ; gain = 0.000
INFO: [Netlist 29-17] Analyzing 60 Unisim elements for replacement
INFO: [Netlist 29-28] Unisim Transformation completed in 0 CPU seconds
INFO: [Project 1-570] Preparing netlist for logic optimization
INFO: [Opt 31-138] Pushed 0 inverter(s) to 0 load pin(s).
Netlist sorting complete. Time (s): cpu = 00:00:00 ; elapsed = 00:00:00 . Memory (MB): peak = 1203.641 ; gain = 0.000
INFO: [Project 1-111] Unisim Transformation Summary:
  A total of 1 instances were transformed.
  IOBUF => IOBUF (IBUF, OBUFT): 1 instance 

INFO: [Common 17-83] Releasing license: Synthesis
36 Infos, 2 Warnings, 1 Critical Warnings and 0 Errors encountered.
synth_design completed successfully
synth_design: Time (s): cpu = 00:00:54 ; elapsed = 00:03:13 . Memory (MB): peak = 1203.641 ; gain = 147.148
WARNING: [Constraints 18-5210] No constraints selected for write.
Resolution: This message can indicate that there are no constraints for the design, or it can indicate that the used_in flags are set such that the constraints are ignored. This later case is used when running synth_design to not write synthesis constraints to the resulting checkpoint. Instead, project constraints are read when the synthesized design is opened.
INFO: [Common 17-1381] The checkpoint 'C:/Users/Meklarn/Desktop/EXJOBB/JonasHansson_2021VT/Vivado/WICSC_daq/WICSC_daq.runs/WICSC_daq_spi3_WICSC_top_0_0_synth_1/WICSC_daq_spi3_WICSC_top_0_0.dcp' has been generated.
INFO: [Coretcl 2-1174] Renamed 2 cell refs.
WARNING: [Constraints 18-5210] No constraints selected for write.
Resolution: This message can indicate that there are no constraints for the design, or it can indicate that the used_in flags are set such that the constraints are ignored. This later case is used when running synth_design to not write synthesis constraints to the resulting checkpoint. Instead, project constraints are read when the synthesized design is opened.
INFO: [Common 17-1381] The checkpoint 'C:/Users/Meklarn/Desktop/EXJOBB/JonasHansson_2021VT/Vivado/WICSC_daq/WICSC_daq.runs/WICSC_daq_spi3_WICSC_top_0_0_synth_1/WICSC_daq_spi3_WICSC_top_0_0.dcp' has been generated.
INFO: [runtcl-4] Executing : report_utilization -file WICSC_daq_spi3_WICSC_top_0_0_utilization_synth.rpt -pb WICSC_daq_spi3_WICSC_top_0_0_utilization_synth.pb
INFO: [Common 17-206] Exiting Vivado at Mon Mar  1 14:36:37 2021...
