
*** Running vivado
    with args -log design_1_MSBs_selector_0_2.vds -m64 -product Vivado -mode batch -messageDb vivado.pb -notrace -source design_1_MSBs_selector_0_2.tcl



****** Vivado v2020.1 (64-bit)
  **** SW Build 2902540 on Wed May 27 19:54:49 MDT 2020
  **** IP Build 2902112 on Wed May 27 22:43:36 MDT 2020
    ** Copyright 1986-2020 Xilinx, Inc. All Rights Reserved.

source design_1_MSBs_selector_0_2.tcl -notrace
INFO: [IP_Flow 19-234] Refreshing IP repositories
INFO: [IP_Flow 19-1700] Loaded user IP repository 'c:/Users/Meklarn/Desktop/EXJOBB/ZC706/spi_master_WICSC'.
INFO: [IP_Flow 19-1700] Loaded user IP repository 'c:/Users/Meklarn/Desktop/EXJOBB/ZC706/quadrature _decoder'.
INFO: [IP_Flow 19-2313] Loaded Vivado IP repository 'X:/Xilink/Vivado/2020.1/data/ip'.
Command: synth_design -top design_1_MSBs_selector_0_2 -part xc7z045ffg900-2 -mode out_of_context
Starting synth_design
WARNING: [IP_Flow 19-3571] IP 'design_1_MSBs_selector_0_2' is restricted:
* Module reference is stale and needs refreshing.
Attempting to get a license for feature 'Synthesis' and/or device 'xc7z045'
INFO: [Common 17-349] Got license for feature 'Synthesis' and/or device 'xc7z045'
INFO: [Device 21-403] Loading part xc7z045ffg900-2
INFO: [Synth 8-7079] Multithreading enabled for synth_design using a maximum of 2 processes.
INFO: [Synth 8-7078] Launching helper process for spawning children vivado processes
INFO: [Synth 8-7075] Helper process launched with PID 21228
---------------------------------------------------------------------------------
Starting RTL Elaboration : Time (s): cpu = 00:00:07 ; elapsed = 00:00:10 . Memory (MB): peak = 1078.438 ; gain = 4.805
---------------------------------------------------------------------------------
INFO: [Synth 8-638] synthesizing module 'design_1_MSBs_selector_0_2' [c:/Users/Meklarn/Desktop/EXJOBB/ZC706/WICSC_ZC706/WICSC_ZC706.srcs/sources_1/bd/design_1/ip/design_1_MSBs_selector_0_2/synth/design_1_MSBs_selector_0_2.vhd:93]
	Parameter input_width bound to: 16 - type: integer 
	Parameter output_width bound to: 14 - type: integer 
INFO: [Synth 8-3491] module 'MSBs_selector' declared at 'C:/Users/Meklarn/Desktop/EXJOBB/ZC706/WICSC_ZC706/WICSC_ZC706.srcs/sources_1/new/MSBs_selector.vhd:35' bound to instance 'U0' of component 'MSBs_selector' [c:/Users/Meklarn/Desktop/EXJOBB/ZC706/WICSC_ZC706/WICSC_ZC706.srcs/sources_1/bd/design_1/ip/design_1_MSBs_selector_0_2/synth/design_1_MSBs_selector_0_2.vhd:145]
INFO: [Synth 8-638] synthesizing module 'MSBs_selector' [C:/Users/Meklarn/Desktop/EXJOBB/ZC706/WICSC_ZC706/WICSC_ZC706.srcs/sources_1/new/MSBs_selector.vhd:77]
	Parameter input_width bound to: 16 - type: integer 
	Parameter output_width bound to: 14 - type: integer 
INFO: [Synth 8-256] done synthesizing module 'MSBs_selector' (1#1) [C:/Users/Meklarn/Desktop/EXJOBB/ZC706/WICSC_ZC706/WICSC_ZC706.srcs/sources_1/new/MSBs_selector.vhd:77]
INFO: [Synth 8-256] done synthesizing module 'design_1_MSBs_selector_0_2' (2#1) [c:/Users/Meklarn/Desktop/EXJOBB/ZC706/WICSC_ZC706/WICSC_ZC706.srcs/sources_1/bd/design_1/ip/design_1_MSBs_selector_0_2/synth/design_1_MSBs_selector_0_2.vhd:93]
---------------------------------------------------------------------------------
Finished RTL Elaboration : Time (s): cpu = 00:00:08 ; elapsed = 00:00:11 . Memory (MB): peak = 1130.309 ; gain = 56.676
---------------------------------------------------------------------------------
---------------------------------------------------------------------------------
Start Handling Custom Attributes
---------------------------------------------------------------------------------
---------------------------------------------------------------------------------
Finished Handling Custom Attributes : Time (s): cpu = 00:00:09 ; elapsed = 00:00:12 . Memory (MB): peak = 1130.309 ; gain = 56.676
---------------------------------------------------------------------------------
---------------------------------------------------------------------------------
Finished RTL Optimization Phase 1 : Time (s): cpu = 00:00:09 ; elapsed = 00:00:12 . Memory (MB): peak = 1130.309 ; gain = 56.676
---------------------------------------------------------------------------------
Netlist sorting complete. Time (s): cpu = 00:00:00 ; elapsed = 00:00:00.012 . Memory (MB): peak = 1130.309 ; gain = 0.000
INFO: [Project 1-570] Preparing netlist for logic optimization

Processing XDC Constraints
Initializing timing engine
Completed Processing XDC Constraints

Netlist sorting complete. Time (s): cpu = 00:00:00 ; elapsed = 00:00:00 . Memory (MB): peak = 1159.492 ; gain = 0.000
INFO: [Project 1-111] Unisim Transformation Summary:
No Unisim elements were transformed.

Constraint Validation Runtime : Time (s): cpu = 00:00:00 ; elapsed = 00:00:00.027 . Memory (MB): peak = 1159.492 ; gain = 0.000
---------------------------------------------------------------------------------
Finished Constraint Validation : Time (s): cpu = 00:00:17 ; elapsed = 00:00:21 . Memory (MB): peak = 1159.492 ; gain = 85.859
---------------------------------------------------------------------------------
---------------------------------------------------------------------------------
Start Loading Part and Timing Information
---------------------------------------------------------------------------------
Loading part: xc7z045ffg900-2
---------------------------------------------------------------------------------
Finished Loading Part and Timing Information : Time (s): cpu = 00:00:17 ; elapsed = 00:00:21 . Memory (MB): peak = 1159.492 ; gain = 85.859
---------------------------------------------------------------------------------
---------------------------------------------------------------------------------
Start Applying 'set_property' XDC Constraints
---------------------------------------------------------------------------------
---------------------------------------------------------------------------------
Finished applying 'set_property' XDC Constraints : Time (s): cpu = 00:00:17 ; elapsed = 00:00:21 . Memory (MB): peak = 1159.492 ; gain = 85.859
---------------------------------------------------------------------------------
---------------------------------------------------------------------------------
Finished RTL Optimization Phase 2 : Time (s): cpu = 00:00:17 ; elapsed = 00:00:21 . Memory (MB): peak = 1159.492 ; gain = 85.859
---------------------------------------------------------------------------------
---------------------------------------------------------------------------------
Start RTL Component Statistics 
---------------------------------------------------------------------------------
Detailed RTL Component Info : 
---------------------------------------------------------------------------------
Finished RTL Component Statistics 
---------------------------------------------------------------------------------
---------------------------------------------------------------------------------
Start Part Resource Summary
---------------------------------------------------------------------------------
Part Resources:
DSPs: 900 (col length:140)
BRAMs: 1090 (col length: RAMB18 140 RAMB36 70)
---------------------------------------------------------------------------------
Finished Part Resource Summary
---------------------------------------------------------------------------------
---------------------------------------------------------------------------------
Start Cross Boundary and Area Optimization
---------------------------------------------------------------------------------
---------------------------------------------------------------------------------
Finished Cross Boundary and Area Optimization : Time (s): cpu = 00:00:19 ; elapsed = 00:00:23 . Memory (MB): peak = 1159.492 ; gain = 85.859
---------------------------------------------------------------------------------
---------------------------------------------------------------------------------
Start Applying XDC Timing Constraints
---------------------------------------------------------------------------------
---------------------------------------------------------------------------------
Finished Applying XDC Timing Constraints : Time (s): cpu = 00:00:29 ; elapsed = 00:00:34 . Memory (MB): peak = 1202.898 ; gain = 129.266
---------------------------------------------------------------------------------
---------------------------------------------------------------------------------
Start Timing Optimization
---------------------------------------------------------------------------------
---------------------------------------------------------------------------------
Finished Timing Optimization : Time (s): cpu = 00:00:29 ; elapsed = 00:00:34 . Memory (MB): peak = 1202.973 ; gain = 129.340
---------------------------------------------------------------------------------
---------------------------------------------------------------------------------
Start Technology Mapping
---------------------------------------------------------------------------------
---------------------------------------------------------------------------------
Finished Technology Mapping : Time (s): cpu = 00:00:29 ; elapsed = 00:00:34 . Memory (MB): peak = 1222.094 ; gain = 148.461
---------------------------------------------------------------------------------
---------------------------------------------------------------------------------
Start IO Insertion
---------------------------------------------------------------------------------
---------------------------------------------------------------------------------
Start Flattening Before IO Insertion
---------------------------------------------------------------------------------
---------------------------------------------------------------------------------
Finished Flattening Before IO Insertion
---------------------------------------------------------------------------------
---------------------------------------------------------------------------------
Start Final Netlist Cleanup
---------------------------------------------------------------------------------
---------------------------------------------------------------------------------
Finished Final Netlist Cleanup
---------------------------------------------------------------------------------
---------------------------------------------------------------------------------
Finished IO Insertion : Time (s): cpu = 00:00:34 ; elapsed = 00:00:39 . Memory (MB): peak = 1227.711 ; gain = 154.078
---------------------------------------------------------------------------------
---------------------------------------------------------------------------------
Start Renaming Generated Instances
---------------------------------------------------------------------------------
---------------------------------------------------------------------------------
Finished Renaming Generated Instances : Time (s): cpu = 00:00:34 ; elapsed = 00:00:39 . Memory (MB): peak = 1227.711 ; gain = 154.078
---------------------------------------------------------------------------------
---------------------------------------------------------------------------------
Start Rebuilding User Hierarchy
---------------------------------------------------------------------------------
---------------------------------------------------------------------------------
Finished Rebuilding User Hierarchy : Time (s): cpu = 00:00:34 ; elapsed = 00:00:39 . Memory (MB): peak = 1227.711 ; gain = 154.078
---------------------------------------------------------------------------------
---------------------------------------------------------------------------------
Start Renaming Generated Ports
---------------------------------------------------------------------------------
---------------------------------------------------------------------------------
Finished Renaming Generated Ports : Time (s): cpu = 00:00:34 ; elapsed = 00:00:39 . Memory (MB): peak = 1227.711 ; gain = 154.078
---------------------------------------------------------------------------------
---------------------------------------------------------------------------------
Start Handling Custom Attributes
---------------------------------------------------------------------------------
---------------------------------------------------------------------------------
Finished Handling Custom Attributes : Time (s): cpu = 00:00:34 ; elapsed = 00:00:39 . Memory (MB): peak = 1227.711 ; gain = 154.078
---------------------------------------------------------------------------------
---------------------------------------------------------------------------------
Start Renaming Generated Nets
---------------------------------------------------------------------------------
---------------------------------------------------------------------------------
Finished Renaming Generated Nets : Time (s): cpu = 00:00:34 ; elapsed = 00:00:39 . Memory (MB): peak = 1227.711 ; gain = 154.078
---------------------------------------------------------------------------------
---------------------------------------------------------------------------------
Start Writing Synthesis Report
---------------------------------------------------------------------------------

Report BlackBoxes: 
+-+--------------+----------+
| |BlackBox name |Instances |
+-+--------------+----------+
+-+--------------+----------+

Report Cell Usage: 
+-+-----+------+
| |Cell |Count |
+-+-----+------+
+-+-----+------+
---------------------------------------------------------------------------------
Finished Writing Synthesis Report : Time (s): cpu = 00:00:34 ; elapsed = 00:00:39 . Memory (MB): peak = 1227.711 ; gain = 154.078
---------------------------------------------------------------------------------
Synthesis finished with 0 errors, 0 critical warnings and 0 warnings.
Synthesis Optimization Runtime : Time (s): cpu = 00:00:22 ; elapsed = 00:00:36 . Memory (MB): peak = 1227.711 ; gain = 124.895
Synthesis Optimization Complete : Time (s): cpu = 00:00:34 ; elapsed = 00:00:40 . Memory (MB): peak = 1227.711 ; gain = 154.078
INFO: [Project 1-571] Translating synthesized netlist
Netlist sorting complete. Time (s): cpu = 00:00:00 ; elapsed = 00:00:00.005 . Memory (MB): peak = 1227.711 ; gain = 0.000
INFO: [Project 1-570] Preparing netlist for logic optimization
INFO: [Opt 31-138] Pushed 0 inverter(s) to 0 load pin(s).
Netlist sorting complete. Time (s): cpu = 00:00:00 ; elapsed = 00:00:00 . Memory (MB): peak = 1250.168 ; gain = 0.000
INFO: [Project 1-111] Unisim Transformation Summary:
No Unisim elements were transformed.

INFO: [Common 17-83] Releasing license: Synthesis
21 Infos, 1 Warnings, 0 Critical Warnings and 0 Errors encountered.
synth_design completed successfully
synth_design: Time (s): cpu = 00:00:44 ; elapsed = 00:00:53 . Memory (MB): peak = 1250.168 ; gain = 176.535
INFO: [Common 17-1381] The checkpoint 'C:/Users/Meklarn/Desktop/EXJOBB/ZC706/WICSC_ZC706/WICSC_ZC706.runs/design_1_MSBs_selector_0_2_synth_1/design_1_MSBs_selector_0_2.dcp' has been generated.
WARNING: [Common 17-576] 'use_project_ipc' is deprecated. This option is deprecated and no longer used.
INFO: [Common 17-1381] The checkpoint 'C:/Users/Meklarn/Desktop/EXJOBB/ZC706/WICSC_ZC706/WICSC_ZC706.runs/design_1_MSBs_selector_0_2_synth_1/design_1_MSBs_selector_0_2.dcp' has been generated.
INFO: [runtcl-4] Executing : report_utilization -file design_1_MSBs_selector_0_2_utilization_synth.rpt -pb design_1_MSBs_selector_0_2_utilization_synth.pb
INFO: [Common 17-206] Exiting Vivado at Wed Mar 10 10:57:17 2021...
