Copyright 1986-2020 Xilinx, Inc. All Rights Reserved.
------------------------------------------------------------------------------------
| Tool Version : Vivado v.2020.1 (win64) Build 2902540 Wed May 27 19:54:49 MDT 2020
| Date         : Mon Jan 18 14:59:47 2021
| Host         : KTH-11509 running 64-bit major release  (build 9200)
| Command      : upgrade_ip
| Device       : xc7z020clg484-1
------------------------------------------------------------------------------------

Upgrade Log for IP 'WICSC_daq_spi3_WICSC_top_0_0'

1. Summary
----------

SUCCESS in the conversion of WICSC_daq_spi3_WICSC_top_0_0 (kth.se:user:spi3_WICSC_top:1.0 (Rev. 2)) to Vivado generation flows.






Copyright 1986-2020 Xilinx, Inc. All Rights Reserved.
------------------------------------------------------------------------------------
| Tool Version : Vivado v.2020.1 (win64) Build 2902540 Wed May 27 19:54:49 MDT 2020
| Date         : Fri Jan 15 17:18:02 2021
| Host         : KTH-11509 running 64-bit major release  (build 9200)
| Command      : upgrade_ip
| Device       : xc7z020clg484-1
------------------------------------------------------------------------------------

Upgrade Log for IP 'WICSC_daq_spi3_WICSC_top_0_0'

1. Summary
----------

SUCCESS in the upgrade of WICSC_daq_spi3_WICSC_top_0_0 (kth.se:user:spi3_WICSC_top:1.0) from (Rev. 3) to (Rev. 2)






Copyright 1986-2020 Xilinx, Inc. All Rights Reserved.
------------------------------------------------------------------------------------
| Tool Version : Vivado v.2020.1 (win64) Build 2902540 Wed May 27 19:54:49 MDT 2020
| Date         : Fri Jan 15 16:49:32 2021
| Host         : KTH-11509 running 64-bit major release  (build 9200)
| Command      : upgrade_ip
| Device       : xc7z020clg484-1
------------------------------------------------------------------------------------

Upgrade Log for IP 'WICSC_daq_spi3_WICSC_top_0_0'

1. Summary
----------

SUCCESS in the upgrade of WICSC_daq_spi3_WICSC_top_0_0 (kth.se:user:spi3_WICSC_top:1.0) from (Rev. 2) to (Rev. 3)






Copyright 1986-2020 Xilinx, Inc. All Rights Reserved.
------------------------------------------------------------------------------------
| Tool Version : Vivado v.2020.1 (win64) Build 2902540 Wed May 27 19:54:49 MDT 2020
| Date         : Fri Jan 15 16:44:58 2021
| Host         : KTH-11509 running 64-bit major release  (build 9200)
| Command      : upgrade_ip
| Device       : xc7z020clg484-1
------------------------------------------------------------------------------------

Upgrade Log for IP 'WICSC_daq_spi3_WICSC_top_0_0'

1. Summary
----------

CAUTION (success, with warnings) in the conversion of WICSC_daq_spi3_WICSC_top_0_0 (kth.se:user:spi3_WICSC_top:1.0 (Rev. 2)) to Vivado generation flows.

After upgrade, an IP may have parameter and port differences compared to the original customization. Please review the parameters within the IP customization GUI to ensure proper functionality. Also, please review the updated IP instantiation template to ensure proper connectivity, and update your design if required.

2. Interface Information
------------------------

Detected external interface differences while upgrading 'WICSC_daq_spi3_WICSC_top_0_0'.


-Upgrade has removed interface 'clock'

-Upgrade has added interface 'PL_clkin' (xilinx.com:signal:clock:1.0)


3. Connection Warnings
----------------------

Detected external port differences while upgrading 'WICSC_daq_spi3_WICSC_top_0_0'. These changes may impact your design.


-Upgrade has removed port 'clock'

-Upgrade has added port 'PL_clkin'







Copyright 1986-2020 Xilinx, Inc. All Rights Reserved.
------------------------------------------------------------------------------------
| Tool Version : Vivado v.2020.1 (win64) Build 2902540 Wed May 27 19:54:49 MDT 2020
| Date         : Fri Jan 15 16:39:13 2021
| Host         : KTH-11509 running 64-bit major release  (build 9200)
| Command      : upgrade_ip
| Device       : xc7z020clg484-1
------------------------------------------------------------------------------------

Upgrade Log for IP 'WICSC_daq_spi3_WICSC_top_0_0'

1. Summary
----------

SUCCESS in the conversion of WICSC_daq_spi3_WICSC_top_0_0 (kth.se:user:spi3_WICSC_top:1.0 (Rev. 2)) to Vivado generation flows.






Copyright 1986-2020 Xilinx, Inc. All Rights Reserved.
------------------------------------------------------------------------------------
| Tool Version : Vivado v.2020.1 (win64) Build 2902540 Wed May 27 19:54:49 MDT 2020
| Date         : Fri Jan 15 16:33:55 2021
| Host         : KTH-11509 running 64-bit major release  (build 9200)
| Command      : upgrade_ip
| Device       : xc7z020clg484-1
------------------------------------------------------------------------------------

Upgrade Log for IP 'WICSC_daq_spi3_WICSC_top_0_0'

1. Summary
----------

SUCCESS in the conversion of WICSC_daq_spi3_WICSC_top_0_0 (kth.se:user:spi3_WICSC_top:1.0 (Rev. 2)) to Vivado generation flows.






Copyright 1986-2020 Xilinx, Inc. All Rights Reserved.
------------------------------------------------------------------------------------
| Tool Version : Vivado v.2020.1 (win64) Build 2902540 Wed May 27 19:54:49 MDT 2020
| Date         : Fri Jan 15 16:29:52 2021
| Host         : KTH-11509 running 64-bit major release  (build 9200)
| Command      : upgrade_ip
| Device       : xc7z020clg484-1
------------------------------------------------------------------------------------

Upgrade Log for IP 'WICSC_daq_spi3_WICSC_top_0_0'

1. Summary
----------

SUCCESS in the conversion of WICSC_daq_spi3_WICSC_top_0_0 (kth.se:user:spi3_WICSC_top:1.0 (Rev. 2)) to Vivado generation flows.






Copyright 1986-2020 Xilinx, Inc. All Rights Reserved.
------------------------------------------------------------------------------------
| Tool Version : Vivado v.2020.1 (win64) Build 2902540 Wed May 27 19:54:49 MDT 2020
| Date         : Thu Jan 14 17:42:02 2021
| Host         : KTH-11509 running 64-bit major release  (build 9200)
| Command      : upgrade_ip
| Device       : xc7z020clg484-1
------------------------------------------------------------------------------------

Upgrade Log for IP 'WICSC_daq_spi_3_wire_master_top_0_0'

1. Summary
----------

SUCCESS in the conversion of WICSC_daq_spi_3_wire_master_top_0_0 (kth.se:user:spi_3_wire_master_top:1.0 (Rev. 2)) to Vivado generation flows.






Copyright 1986-2020 Xilinx, Inc. All Rights Reserved.
------------------------------------------------------------------------------------
| Tool Version : Vivado v.2020.1 (win64) Build 2902540 Wed May 27 19:54:49 MDT 2020
| Date         : Thu Jan 14 17:31:12 2021
| Host         : KTH-11509 running 64-bit major release  (build 9200)
| Command      : upgrade_ip
| Device       : xc7z020clg484-1
------------------------------------------------------------------------------------

Upgrade Log for IP 'WICSC_daq_spi_3_wire_master_top_0_0'

1. Summary
----------

SUCCESS in the conversion of WICSC_daq_spi_3_wire_master_top_0_0 (kth.se:user:spi_3_wire_master_top:1.0 (Rev. 2)) to Vivado generation flows.






Copyright 1986-2020 Xilinx, Inc. All Rights Reserved.
------------------------------------------------------------------------------------
| Tool Version : Vivado v.2020.1 (win64) Build 2902540 Wed May 27 19:54:49 MDT 2020
| Date         : Thu Jan 14 17:18:44 2021
| Host         : KTH-11509 running 64-bit major release  (build 9200)
| Command      : upgrade_ip
| Device       : xc7z020clg484-1
------------------------------------------------------------------------------------

Upgrade Log for IP 'WICSC_daq_spi_3_wire_master_top_0_0'

1. Summary
----------

SUCCESS in the conversion of WICSC_daq_spi_3_wire_master_top_0_0 (kth.se:user:spi_3_wire_master_top:1.0 (Rev. 2)) to Vivado generation flows.






Copyright 1986-2020 Xilinx, Inc. All Rights Reserved.
------------------------------------------------------------------------------------
| Tool Version : Vivado v.2020.1 (win64) Build 2902540 Wed May 27 19:54:49 MDT 2020
| Date         : Thu Jan 14 17:04:12 2021
| Host         : KTH-11509 running 64-bit major release  (build 9200)
| Command      : upgrade_ip
| Device       : xc7z020clg484-1
------------------------------------------------------------------------------------

Upgrade Log for IP 'WICSC_daq_spi_3_wire_master_top_0_0'

1. Summary
----------

SUCCESS in the conversion of WICSC_daq_spi_3_wire_master_top_0_0 (kth.se:user:spi_3_wire_master_top:1.0 (Rev. 2)) to Vivado generation flows.






Copyright 1986-2020 Xilinx, Inc. All Rights Reserved.
------------------------------------------------------------------------------------
| Tool Version : Vivado v.2020.1 (win64) Build 2902540 Wed May 27 19:54:49 MDT 2020
| Date         : Thu Jan 14 15:59:21 2021
| Host         : KTH-11509 running 64-bit major release  (build 9200)
| Command      : upgrade_ip
| Device       : xc7z020clg484-1
------------------------------------------------------------------------------------

Upgrade Log for IP 'WICSC_daq_spi_3_wire_master_top_0_0'

1. Summary
----------

SUCCESS in the conversion of WICSC_daq_spi_3_wire_master_top_0_0 (kth.se:user:spi_3_wire_master_top:1.0 (Rev. 2)) to Vivado generation flows.

