
*** Running vivado
    with args -log WICSC_daq_quadrature_decoder_0_0.vds -m64 -product Vivado -mode batch -messageDb vivado.pb -notrace -source WICSC_daq_quadrature_decoder_0_0.tcl



****** Vivado v2020.1 (64-bit)
  **** SW Build 2902540 on Wed May 27 19:54:49 MDT 2020
  **** IP Build 2902112 on Wed May 27 22:43:36 MDT 2020
    ** Copyright 1986-2020 Xilinx, Inc. All Rights Reserved.

source WICSC_daq_quadrature_decoder_0_0.tcl -notrace
create_project: Time (s): cpu = 00:00:03 ; elapsed = 00:00:11 . Memory (MB): peak = 1056.082 ; gain = 0.000
INFO: [IP_Flow 19-234] Refreshing IP repositories
INFO: [IP_Flow 19-1700] Loaded user IP repository 'c:/Users/Meklarn/Desktop/EXJOBB/JonasHansson_2021VT/Vivado/ad9249_daq_custom/CounterFreq'.
INFO: [IP_Flow 19-1700] Loaded user IP repository 'c:/Users/Meklarn/Desktop/EXJOBB/JonasHansson_2021VT/Vivado/quadrature _decoder'.
INFO: [IP_Flow 19-1700] Loaded user IP repository 'c:/Users/Meklarn/Desktop/EXJOBB/JonasHansson_2021VT/Vivado/ad9249_daq_custom/Data_select'.
INFO: [IP_Flow 19-1700] Loaded user IP repository 'c:/Users/Meklarn/Desktop/EXJOBB/JonasHansson_2021VT/Vivado/ad9249_daq_custom/DAQ_YG'.
INFO: [IP_Flow 19-1700] Loaded user IP repository 'c:/Users/Meklarn/Desktop/EXJOBB/JonasHansson_2021VT/Vivado/spi_master_WICSC'.
INFO: [IP_Flow 19-2313] Loaded Vivado IP repository 'X:/Xilink/Vivado/2020.1/data/ip'.
WARNING: [IP_Flow 19-1663] Duplicate IP found for 'kth.se:user:Counter_YW_top:1.0'. The one found in IP location 'c:/Users/Meklarn/Desktop/EXJOBB/JonasHansson_2021VT/Vivado/ad9249_daq_custom/CounterFreq/Counter_YW' will take precedence over the same IP in location c:/Users/Meklarn/Desktop/EXJOBB/JonasHansson_2021VT/Vivado/ad9249_daq_custom/CounterFreq/Counter_YW/Counter_YW.srcs
WARNING: [IP_Flow 19-4995] The host OS only allows 260 characters in a normal path. The IP cache path is more than 80 characters. If you experience issues with IP caching, please consider changing the IP cache to a location with a shorter path. Alternately consider using the OS subst command to map part of the path to a drive letter. 
Current IP cache path is c:/Users/Meklarn/Desktop/EXJOBB/JonasHansson_2021VT/Vivado/WICSC_daq/WICSC_daq.cache/ip 
Command: synth_design -top WICSC_daq_quadrature_decoder_0_0 -part xc7z020clg484-1 -mode out_of_context
Starting synth_design
Attempting to get a license for feature 'Synthesis' and/or device 'xc7z020'
INFO: [Common 17-349] Got license for feature 'Synthesis' and/or device 'xc7z020'
INFO: [Device 21-403] Loading part xc7z020clg484-1
INFO: [Synth 8-7079] Multithreading enabled for synth_design using a maximum of 2 processes.
INFO: [Synth 8-7078] Launching helper process for spawning children vivado processes
INFO: [Synth 8-7075] Helper process launched with PID 12708
---------------------------------------------------------------------------------
Starting RTL Elaboration : Time (s): cpu = 00:00:07 ; elapsed = 00:00:26 . Memory (MB): peak = 1056.082 ; gain = 0.000
---------------------------------------------------------------------------------
INFO: [Synth 8-638] synthesizing module 'WICSC_daq_quadrature_decoder_0_0' [c:/Users/Meklarn/Desktop/EXJOBB/JonasHansson_2021VT/Vivado/WICSC_daq/WICSC_daq.srcs/sources_1/bd/WICSC_daq/ip/WICSC_daq_quadrature_decoder_0_0/synth/WICSC_daq_quadrature_decoder_0_0.vhd:67]
	Parameter positions bound to: 16384 - type: integer 
	Parameter debounce_time bound to: 48 - type: integer 
	Parameter set_origin_debounce_time bound to: 48 - type: integer 
	Parameter num_bits bound to: 16 - type: integer 
INFO: [Synth 8-3491] module 'quadrature_decoder' declared at 'c:/Users/Meklarn/Desktop/EXJOBB/JonasHansson_2021VT/Vivado/WICSC_daq/WICSC_daq.srcs/sources_1/bd/WICSC_daq/ipshared/28f2/src/quadrature_decoder.vhd:29' bound to instance 'U0' of component 'quadrature_decoder' [c:/Users/Meklarn/Desktop/EXJOBB/JonasHansson_2021VT/Vivado/WICSC_daq/WICSC_daq.srcs/sources_1/bd/WICSC_daq/ip/WICSC_daq_quadrature_decoder_0_0/synth/WICSC_daq_quadrature_decoder_0_0.vhd:97]
INFO: [Synth 8-638] synthesizing module 'quadrature_decoder' [c:/Users/Meklarn/Desktop/EXJOBB/JonasHansson_2021VT/Vivado/WICSC_daq/WICSC_daq.srcs/sources_1/bd/WICSC_daq/ipshared/28f2/src/quadrature_decoder.vhd:44]
	Parameter positions bound to: 16384 - type: integer 
	Parameter debounce_time bound to: 48 - type: integer 
	Parameter set_origin_debounce_time bound to: 48 - type: integer 
	Parameter num_bits bound to: 16 - type: integer 
INFO: [Synth 8-256] done synthesizing module 'quadrature_decoder' (1#1) [c:/Users/Meklarn/Desktop/EXJOBB/JonasHansson_2021VT/Vivado/WICSC_daq/WICSC_daq.srcs/sources_1/bd/WICSC_daq/ipshared/28f2/src/quadrature_decoder.vhd:44]
INFO: [Synth 8-256] done synthesizing module 'WICSC_daq_quadrature_decoder_0_0' (2#1) [c:/Users/Meklarn/Desktop/EXJOBB/JonasHansson_2021VT/Vivado/WICSC_daq/WICSC_daq.srcs/sources_1/bd/WICSC_daq/ip/WICSC_daq_quadrature_decoder_0_0/synth/WICSC_daq_quadrature_decoder_0_0.vhd:67]
---------------------------------------------------------------------------------
Finished RTL Elaboration : Time (s): cpu = 00:00:09 ; elapsed = 00:00:35 . Memory (MB): peak = 1066.305 ; gain = 10.223
---------------------------------------------------------------------------------
---------------------------------------------------------------------------------
Start Handling Custom Attributes
---------------------------------------------------------------------------------
---------------------------------------------------------------------------------
Finished Handling Custom Attributes : Time (s): cpu = 00:00:10 ; elapsed = 00:00:36 . Memory (MB): peak = 1066.305 ; gain = 10.223
---------------------------------------------------------------------------------
---------------------------------------------------------------------------------
Finished RTL Optimization Phase 1 : Time (s): cpu = 00:00:10 ; elapsed = 00:00:36 . Memory (MB): peak = 1066.305 ; gain = 10.223
---------------------------------------------------------------------------------
Netlist sorting complete. Time (s): cpu = 00:00:00 ; elapsed = 00:00:00.093 . Memory (MB): peak = 1066.305 ; gain = 0.000
INFO: [Project 1-570] Preparing netlist for logic optimization

Processing XDC Constraints
Initializing timing engine
Completed Processing XDC Constraints

Netlist sorting complete. Time (s): cpu = 00:00:00 ; elapsed = 00:00:00.001 . Memory (MB): peak = 1170.410 ; gain = 0.000
INFO: [Project 1-111] Unisim Transformation Summary:
No Unisim elements were transformed.

Constraint Validation Runtime : Time (s): cpu = 00:00:00 ; elapsed = 00:00:02 . Memory (MB): peak = 1170.410 ; gain = 0.000
---------------------------------------------------------------------------------
Finished Constraint Validation : Time (s): cpu = 00:00:19 ; elapsed = 00:02:07 . Memory (MB): peak = 1170.410 ; gain = 114.328
---------------------------------------------------------------------------------
---------------------------------------------------------------------------------
Start Loading Part and Timing Information
---------------------------------------------------------------------------------
Loading part: xc7z020clg484-1
---------------------------------------------------------------------------------
Finished Loading Part and Timing Information : Time (s): cpu = 00:00:19 ; elapsed = 00:02:09 . Memory (MB): peak = 1170.410 ; gain = 114.328
---------------------------------------------------------------------------------
---------------------------------------------------------------------------------
Start Applying 'set_property' XDC Constraints
---------------------------------------------------------------------------------
---------------------------------------------------------------------------------
Finished applying 'set_property' XDC Constraints : Time (s): cpu = 00:00:19 ; elapsed = 00:02:12 . Memory (MB): peak = 1170.410 ; gain = 114.328
---------------------------------------------------------------------------------
---------------------------------------------------------------------------------
Finished RTL Optimization Phase 2 : Time (s): cpu = 00:00:20 ; elapsed = 00:02:16 . Memory (MB): peak = 1170.410 ; gain = 114.328
---------------------------------------------------------------------------------
---------------------------------------------------------------------------------
Start RTL Component Statistics 
---------------------------------------------------------------------------------
Detailed RTL Component Info : 
+---Adders : 
	   2 Input   14 Bit       Adders := 1     
	   2 Input    6 Bit       Adders := 2     
+---XORs : 
	   2 Input      1 Bit         XORs := 6     
+---Registers : 
	               14 Bit    Registers := 1     
	                6 Bit    Registers := 2     
	                2 Bit    Registers := 3     
	                1 Bit    Registers := 4     
+---Muxes : 
	   2 Input    2 Bit        Muxes := 1     
	   2 Input    1 Bit        Muxes := 5     
---------------------------------------------------------------------------------
Finished RTL Component Statistics 
---------------------------------------------------------------------------------
---------------------------------------------------------------------------------
Start Part Resource Summary
---------------------------------------------------------------------------------
Part Resources:
DSPs: 220 (col length:60)
BRAMs: 280 (col length: RAMB18 60 RAMB36 30)
---------------------------------------------------------------------------------
Finished Part Resource Summary
---------------------------------------------------------------------------------
---------------------------------------------------------------------------------
Start Cross Boundary and Area Optimization
---------------------------------------------------------------------------------
---------------------------------------------------------------------------------
Finished Cross Boundary and Area Optimization : Time (s): cpu = 00:00:22 ; elapsed = 00:02:22 . Memory (MB): peak = 1170.410 ; gain = 114.328
---------------------------------------------------------------------------------
---------------------------------------------------------------------------------
Start Applying XDC Timing Constraints
---------------------------------------------------------------------------------
---------------------------------------------------------------------------------
Finished Applying XDC Timing Constraints : Time (s): cpu = 00:00:34 ; elapsed = 00:02:38 . Memory (MB): peak = 1170.410 ; gain = 114.328
---------------------------------------------------------------------------------
---------------------------------------------------------------------------------
Start Timing Optimization
---------------------------------------------------------------------------------
---------------------------------------------------------------------------------
Finished Timing Optimization : Time (s): cpu = 00:00:34 ; elapsed = 00:02:38 . Memory (MB): peak = 1170.410 ; gain = 114.328
---------------------------------------------------------------------------------
---------------------------------------------------------------------------------
Start Technology Mapping
---------------------------------------------------------------------------------
---------------------------------------------------------------------------------
Finished Technology Mapping : Time (s): cpu = 00:00:34 ; elapsed = 00:02:38 . Memory (MB): peak = 1178.855 ; gain = 122.773
---------------------------------------------------------------------------------
---------------------------------------------------------------------------------
Start IO Insertion
---------------------------------------------------------------------------------
---------------------------------------------------------------------------------
Start Flattening Before IO Insertion
---------------------------------------------------------------------------------
---------------------------------------------------------------------------------
Finished Flattening Before IO Insertion
---------------------------------------------------------------------------------
---------------------------------------------------------------------------------
Start Final Netlist Cleanup
---------------------------------------------------------------------------------
---------------------------------------------------------------------------------
Finished Final Netlist Cleanup
---------------------------------------------------------------------------------
---------------------------------------------------------------------------------
Finished IO Insertion : Time (s): cpu = 00:00:41 ; elapsed = 00:02:45 . Memory (MB): peak = 1184.645 ; gain = 128.562
---------------------------------------------------------------------------------
---------------------------------------------------------------------------------
Start Renaming Generated Instances
---------------------------------------------------------------------------------
---------------------------------------------------------------------------------
Finished Renaming Generated Instances : Time (s): cpu = 00:00:41 ; elapsed = 00:02:45 . Memory (MB): peak = 1184.645 ; gain = 128.562
---------------------------------------------------------------------------------
---------------------------------------------------------------------------------
Start Rebuilding User Hierarchy
---------------------------------------------------------------------------------
---------------------------------------------------------------------------------
Finished Rebuilding User Hierarchy : Time (s): cpu = 00:00:41 ; elapsed = 00:02:45 . Memory (MB): peak = 1184.645 ; gain = 128.562
---------------------------------------------------------------------------------
---------------------------------------------------------------------------------
Start Renaming Generated Ports
---------------------------------------------------------------------------------
---------------------------------------------------------------------------------
Finished Renaming Generated Ports : Time (s): cpu = 00:00:41 ; elapsed = 00:02:45 . Memory (MB): peak = 1184.645 ; gain = 128.562
---------------------------------------------------------------------------------
---------------------------------------------------------------------------------
Start Handling Custom Attributes
---------------------------------------------------------------------------------
---------------------------------------------------------------------------------
Finished Handling Custom Attributes : Time (s): cpu = 00:00:41 ; elapsed = 00:02:45 . Memory (MB): peak = 1184.645 ; gain = 128.562
---------------------------------------------------------------------------------
---------------------------------------------------------------------------------
Start Renaming Generated Nets
---------------------------------------------------------------------------------
---------------------------------------------------------------------------------
Finished Renaming Generated Nets : Time (s): cpu = 00:00:41 ; elapsed = 00:02:45 . Memory (MB): peak = 1184.645 ; gain = 128.562
---------------------------------------------------------------------------------
---------------------------------------------------------------------------------
Start Writing Synthesis Report
---------------------------------------------------------------------------------

Report BlackBoxes: 
+-+--------------+----------+
| |BlackBox name |Instances |
+-+--------------+----------+
+-+--------------+----------+

Report Cell Usage: 
+------+-------+------+
|      |Cell   |Count |
+------+-------+------+
|1     |CARRY4 |     4|
|2     |LUT1   |     3|
|3     |LUT2   |    29|
|4     |LUT3   |     3|
|5     |LUT4   |     6|
|6     |LUT5   |     3|
|7     |LUT6   |    15|
|8     |FDRE   |    36|
+------+-------+------+
---------------------------------------------------------------------------------
Finished Writing Synthesis Report : Time (s): cpu = 00:00:41 ; elapsed = 00:02:45 . Memory (MB): peak = 1184.645 ; gain = 128.562
---------------------------------------------------------------------------------
Synthesis finished with 0 errors, 0 critical warnings and 0 warnings.
Synthesis Optimization Runtime : Time (s): cpu = 00:00:29 ; elapsed = 00:02:14 . Memory (MB): peak = 1184.645 ; gain = 24.457
Synthesis Optimization Complete : Time (s): cpu = 00:00:41 ; elapsed = 00:02:46 . Memory (MB): peak = 1184.645 ; gain = 128.562
INFO: [Project 1-571] Translating synthesized netlist
Netlist sorting complete. Time (s): cpu = 00:00:00 ; elapsed = 00:00:00.002 . Memory (MB): peak = 1196.676 ; gain = 0.000
INFO: [Netlist 29-17] Analyzing 4 Unisim elements for replacement
INFO: [Netlist 29-28] Unisim Transformation completed in 0 CPU seconds
INFO: [Project 1-570] Preparing netlist for logic optimization
INFO: [Opt 31-138] Pushed 0 inverter(s) to 0 load pin(s).
Netlist sorting complete. Time (s): cpu = 00:00:00 ; elapsed = 00:00:00 . Memory (MB): peak = 1201.207 ; gain = 0.000
INFO: [Project 1-111] Unisim Transformation Summary:
No Unisim elements were transformed.

INFO: [Common 17-83] Releasing license: Synthesis
26 Infos, 2 Warnings, 0 Critical Warnings and 0 Errors encountered.
synth_design completed successfully
synth_design: Time (s): cpu = 00:00:50 ; elapsed = 00:03:12 . Memory (MB): peak = 1201.207 ; gain = 145.125
INFO: [Common 17-1381] The checkpoint 'C:/Users/Meklarn/Desktop/EXJOBB/JonasHansson_2021VT/Vivado/WICSC_daq/WICSC_daq.runs/WICSC_daq_quadrature_decoder_0_0_synth_1/WICSC_daq_quadrature_decoder_0_0.dcp' has been generated.
WARNING: [Common 17-576] 'use_project_ipc' is deprecated. This option is deprecated and no longer used.
INFO: [Coretcl 2-1648] Added synthesis output to IP cache for IP WICSC_daq_quadrature_decoder_0_0, cache-ID = e4ac1a9eef9c82b2
INFO: [Common 17-1381] The checkpoint 'C:/Users/Meklarn/Desktop/EXJOBB/JonasHansson_2021VT/Vivado/WICSC_daq/WICSC_daq.runs/WICSC_daq_quadrature_decoder_0_0_synth_1/WICSC_daq_quadrature_decoder_0_0.dcp' has been generated.
INFO: [runtcl-4] Executing : report_utilization -file WICSC_daq_quadrature_decoder_0_0_utilization_synth.rpt -pb WICSC_daq_quadrature_decoder_0_0_utilization_synth.pb
INFO: [Common 17-206] Exiting Vivado at Mon Mar  1 14:36:37 2021...
